ARM GAS  C:\Users\zakis\AppData\Local\Temp\cciS4Dj1.s 			page 1


   1              		.syntax unified
   2              		.cpu cortex-m3
   3              		.fpu softvfp
   4              		.eabi_attribute 20, 1
   5              		.eabi_attribute 21, 1
   6              		.eabi_attribute 23, 3
   7              		.eabi_attribute 24, 1
   8              		.eabi_attribute 25, 1
   9              		.eabi_attribute 26, 1
  10              		.eabi_attribute 30, 1
  11              		.eabi_attribute 34, 1
  12              		.eabi_attribute 18, 4
  13              		.thumb
  14              		.syntax unified
  15              		.file	"sc_buttons_type.c"
  16              		.text
  17              	.Ltext0:
  18              		.cfi_sections	.debug_frame
  19              		.section	.text.SC_BUTTONS_driverIn,"ax",%progbits
  20              		.align	2
  21              		.global	SC_BUTTONS_driverIn
  22              		.thumb
  23              		.thumb_func
  24              		.type	SC_BUTTONS_driverIn, %function
  25              	SC_BUTTONS_driverIn:
  26              	.LFB110:
  27              		.file 1 "source\\rte\\sc_buttons_type.c"
   1:source\rte/sc_buttons_type.c **** /*
   2:source\rte/sc_buttons_type.c ****  * Filename: sc_buttons_type.c
   3:source\rte/sc_buttons_type.c ****  *
   4:source\rte/sc_buttons_type.c ****  * Author: Autogenerated by H-DA RTE Generator, (c) Prof. Fromm
   5:source\rte/sc_buttons_type.c ****  *
   6:source\rte/sc_buttons_type.c ****  * description: Signalclass
   7:source\rte/sc_buttons_type.c ****  * name: sc_buttons
   8:source\rte/sc_buttons_type.c ****  * shortname: buttons
   9:source\rte/sc_buttons_type.c ****  *
  10:source\rte/sc_buttons_type.c ****  */
  11:source\rte/sc_buttons_type.c **** 
  12:source\rte/sc_buttons_type.c **** #include "project.h"
  13:source\rte/sc_buttons_type.c **** #include "global.h"
  14:source\rte/sc_buttons_type.c **** #include "rte.h"
  15:source\rte/sc_buttons_type.c **** #include "rte_types.h"
  16:source\rte/sc_buttons_type.c **** #include "sc_buttons_type.h"
  17:source\rte/sc_buttons_type.c **** 
  18:source\rte/sc_buttons_type.c **** 
  19:source\rte/sc_buttons_type.c **** 
  20:source\rte/sc_buttons_type.c **** /* USER CODE START SC_BUTTONS_INCLUDE */
  21:source\rte/sc_buttons_type.c **** 
  22:source\rte/sc_buttons_type.c **** /* USER CODE END SC_BUTTONS_INCLUDE */
  23:source\rte/sc_buttons_type.c **** 
  24:source\rte/sc_buttons_type.c **** 
  25:source\rte/sc_buttons_type.c **** 
  26:source\rte/sc_buttons_type.c **** 
  27:source\rte/sc_buttons_type.c **** /* USER CODE START SC_BUTTONS_USERDEFINITIONS */
  28:source\rte/sc_buttons_type.c **** 
  29:source\rte/sc_buttons_type.c **** /* USER CODE END SC_BUTTONS_USERDEFINITIONS */
  30:source\rte/sc_buttons_type.c **** 
ARM GAS  C:\Users\zakis\AppData\Local\Temp\cciS4Dj1.s 			page 2


  31:source\rte/sc_buttons_type.c **** 
  32:source\rte/sc_buttons_type.c **** /*****************************************************************************************
  33:source\rte/sc_buttons_type.c ****  *************** Port Wrapper Implementation for SC_BUTTONS signal  ****************
  34:source\rte/sc_buttons_type.c ****  *****************************************************************************************/
  35:source\rte/sc_buttons_type.c ****  
  36:source\rte/sc_buttons_type.c ****  
  37:source\rte/sc_buttons_type.c **** 
  38:source\rte/sc_buttons_type.c **** /**
  39:source\rte/sc_buttons_type.c ****  * Default IN driver API
  40:source\rte/sc_buttons_type.c ****  */
  41:source\rte/sc_buttons_type.c **** inline RC_t SC_BUTTONS_driverIn(SC_BUTTONS_data_t *const data)
  42:source\rte/sc_buttons_type.c **** {
  28              		.loc 1 42 0
  29              		.cfi_startproc
  30              		@ args = 0, pretend = 0, frame = 0
  31              		@ frame_needed = 0, uses_anonymous_args = 0
  32              	.LVL0:
  33 0000 10B5     		push	{r4, lr}
  34              		.cfi_def_cfa_offset 8
  35              		.cfi_offset 4, -8
  36              		.cfi_offset 14, -4
  37 0002 0446     		mov	r4, r0
  43:source\rte/sc_buttons_type.c **** 	/* USER CODE START driverInSC_BUTTONS */
  44:source\rte/sc_buttons_type.c **** //#error "Add your code here"
  45:source\rte/sc_buttons_type.c **** 
  46:source\rte/sc_buttons_type.c **** 	//Read data from the MCAL driver
  47:source\rte/sc_buttons_type.c ****     data -> m_buttonRightPressed = FALSE;
  38              		.loc 1 47 0
  39 0004 0023     		movs	r3, #0
  40 0006 0370     		strb	r3, [r0]
  48:source\rte/sc_buttons_type.c ****     data -> m_buttonLeftPressed = FALSE;
  41              		.loc 1 48 0
  42 0008 4370     		strb	r3, [r0, #1]
  49:source\rte/sc_buttons_type.c ****     
  50:source\rte/sc_buttons_type.c ****     if (BUTTON_1_Read() == 1 || BUTTON_3_Read() == 1){
  43              		.loc 1 50 0
  44 000a FFF7FEFF 		bl	BUTTON_1_Read
  45              	.LVL1:
  46 000e 0128     		cmp	r0, #1
  47 0010 03D0     		beq	.L2
  48              		.loc 1 50 0 is_stmt 0 discriminator 1
  49 0012 FFF7FEFF 		bl	BUTTON_3_Read
  50              	.LVL2:
  51 0016 0128     		cmp	r0, #1
  52 0018 07D1     		bne	.L3
  53              	.L2:
  51:source\rte/sc_buttons_type.c ****         data -> m_buttonRightPressed = FALSE;
  54              		.loc 1 51 0 is_stmt 1
  55 001a 0023     		movs	r3, #0
  56 001c 2370     		strb	r3, [r4]
  52:source\rte/sc_buttons_type.c ****         data -> m_buttonLeftPressed = TRUE;
  57              		.loc 1 52 0
  58 001e 0122     		movs	r2, #1
  59 0020 6270     		strb	r2, [r4, #1]
  53:source\rte/sc_buttons_type.c ****         data -> m_buttonRightPressedTime = 0;
  60              		.loc 1 53 0
  61 0022 E370     		strb	r3, [r4, #3]
ARM GAS  C:\Users\zakis\AppData\Local\Temp\cciS4Dj1.s 			page 3


  54:source\rte/sc_buttons_type.c ****         data -> m_buttonLeftPressedTime += 1;
  62              		.loc 1 54 0
  63 0024 A378     		ldrb	r3, [r4, #2]	@ zero_extendqisi2
  64 0026 1344     		add	r3, r3, r2
  65 0028 A370     		strb	r3, [r4, #2]
  66              	.L3:
  55:source\rte/sc_buttons_type.c ****     
  56:source\rte/sc_buttons_type.c ****     } 
  57:source\rte/sc_buttons_type.c ****     if (BUTTON_2_Read() == 1 || BUTTON_4_Read() == 1){
  67              		.loc 1 57 0
  68 002a FFF7FEFF 		bl	BUTTON_2_Read
  69              	.LVL3:
  70 002e 0128     		cmp	r0, #1
  71 0030 03D0     		beq	.L4
  72              		.loc 1 57 0 is_stmt 0 discriminator 1
  73 0032 FFF7FEFF 		bl	BUTTON_4_Read
  74              	.LVL4:
  75 0036 0128     		cmp	r0, #1
  76 0038 07D1     		bne	.L5
  77              	.L4:
  58:source\rte/sc_buttons_type.c ****         data -> m_buttonRightPressed = TRUE;
  78              		.loc 1 58 0 is_stmt 1
  79 003a 0123     		movs	r3, #1
  80 003c 2370     		strb	r3, [r4]
  59:source\rte/sc_buttons_type.c ****         data -> m_buttonLeftPressed = FALSE;
  81              		.loc 1 59 0
  82 003e 0023     		movs	r3, #0
  83 0040 6370     		strb	r3, [r4, #1]
  60:source\rte/sc_buttons_type.c ****         
  61:source\rte/sc_buttons_type.c ****         data -> m_buttonLeftPressedTime = 0;
  84              		.loc 1 61 0
  85 0042 A370     		strb	r3, [r4, #2]
  62:source\rte/sc_buttons_type.c ****         data -> m_buttonRightPressedTime += 1;
  86              		.loc 1 62 0
  87 0044 E378     		ldrb	r3, [r4, #3]	@ zero_extendqisi2
  88 0046 0133     		adds	r3, r3, #1
  89 0048 E370     		strb	r3, [r4, #3]
  90              	.L5:
  63:source\rte/sc_buttons_type.c ****         
  64:source\rte/sc_buttons_type.c ****     }
  65:source\rte/sc_buttons_type.c **** 
  66:source\rte/sc_buttons_type.c **** 	//Scale it to the application type
  67:source\rte/sc_buttons_type.c **** 
  68:source\rte/sc_buttons_type.c **** 	return RC_SUCCESS;
  69:source\rte/sc_buttons_type.c **** 	/* USER CODE END driverInSC_BUTTONS */
  70:source\rte/sc_buttons_type.c **** }
  91              		.loc 1 70 0
  92 004a 0020     		movs	r0, #0
  93 004c 10BD     		pop	{r4, pc}
  94              		.cfi_endproc
  95              	.LFE110:
  96              		.size	SC_BUTTONS_driverIn, .-SC_BUTTONS_driverIn
  97 004e 00BF     		.text
  98              	.Letext0:
  99              		.file 2 "c:\\program files (x86)\\cypress\\psoc creator\\4.4\\psoc creator\\import\\gnu\\arm\\5.4.
 100              		.file 3 "c:\\program files (x86)\\cypress\\psoc creator\\4.4\\psoc creator\\import\\gnu\\arm\\5.4.
 101              		.file 4 "Generated_Source\\PSoC5/ErikaOS_1_common_ee_types.inc"
ARM GAS  C:\Users\zakis\AppData\Local\Temp\cciS4Dj1.s 			page 4


 102              		.file 5 "Generated_Source\\PSoC5/ErikaOS_1_cortex_mx_ee_cpu.inc"
 103              		.file 6 ".\\source\\bsw/global.h"
 104              		.file 7 "source\\rte\\sc_buttons_type.h"
 105              		.file 8 "Generated_Source\\PSoC5/ErikaOS_1_ee_oo_intfunc.inc"
 106              		.file 9 "Generated_Source\\PSoC5/ErikaOS_1_cortex_mx_ee_context.inc"
 107              		.file 10 "Generated_Source\\PSoC5/ErikaOS_1_common_ee_primitives.inc"
 108              		.file 11 "Generated_Source\\PSoC5/core_cm3.h"
 109              		.file 12 "Generated_Source\\PSoC5/BUTTON_1.h"
 110              		.file 13 "Generated_Source\\PSoC5/BUTTON_3.h"
 111              		.file 14 "Generated_Source\\PSoC5/BUTTON_2.h"
 112              		.file 15 "Generated_Source\\PSoC5/BUTTON_4.h"
 113              		.section	.debug_info,"",%progbits
 114              	.Ldebug_info0:
 115 0000 BD020000 		.4byte	0x2bd
 116 0004 0400     		.2byte	0x4
 117 0006 00000000 		.4byte	.Ldebug_abbrev0
 118 000a 04       		.byte	0x4
 119 000b 01       		.uleb128 0x1
 120 000c 37030000 		.4byte	.LASF66
 121 0010 0C       		.byte	0xc
 122 0011 24040000 		.4byte	.LASF67
 123 0015 54000000 		.4byte	.LASF68
 124 0019 00000000 		.4byte	.Ldebug_ranges0+0
 125 001d 00000000 		.4byte	0
 126 0021 00000000 		.4byte	.Ldebug_line0
 127 0025 02       		.uleb128 0x2
 128 0026 01       		.byte	0x1
 129 0027 06       		.byte	0x6
 130 0028 A4020000 		.4byte	.LASF0
 131 002c 03       		.uleb128 0x3
 132 002d 41020000 		.4byte	.LASF4
 133 0031 02       		.byte	0x2
 134 0032 1D       		.byte	0x1d
 135 0033 37000000 		.4byte	0x37
 136 0037 02       		.uleb128 0x2
 137 0038 01       		.byte	0x1
 138 0039 08       		.byte	0x8
 139 003a 96020000 		.4byte	.LASF1
 140 003e 02       		.uleb128 0x2
 141 003f 02       		.byte	0x2
 142 0040 05       		.byte	0x5
 143 0041 4A000000 		.4byte	.LASF2
 144 0045 02       		.uleb128 0x2
 145 0046 02       		.byte	0x2
 146 0047 07       		.byte	0x7
 147 0048 24030000 		.4byte	.LASF3
 148 004c 03       		.uleb128 0x3
 149 004d 8F040000 		.4byte	.LASF5
 150 0051 02       		.byte	0x2
 151 0052 3F       		.byte	0x3f
 152 0053 57000000 		.4byte	0x57
 153 0057 02       		.uleb128 0x2
 154 0058 04       		.byte	0x4
 155 0059 05       		.byte	0x5
 156 005a 18020000 		.4byte	.LASF6
 157 005e 02       		.uleb128 0x2
 158 005f 04       		.byte	0x4
ARM GAS  C:\Users\zakis\AppData\Local\Temp\cciS4Dj1.s 			page 5


 159 0060 07       		.byte	0x7
 160 0061 12040000 		.4byte	.LASF7
 161 0065 02       		.uleb128 0x2
 162 0066 08       		.byte	0x8
 163 0067 05       		.byte	0x5
 164 0068 CD010000 		.4byte	.LASF8
 165 006c 02       		.uleb128 0x2
 166 006d 08       		.byte	0x8
 167 006e 07       		.byte	0x7
 168 006f B0020000 		.4byte	.LASF9
 169 0073 04       		.uleb128 0x4
 170 0074 04       		.byte	0x4
 171 0075 05       		.byte	0x5
 172 0076 696E7400 		.ascii	"int\000"
 173 007a 02       		.uleb128 0x2
 174 007b 04       		.byte	0x4
 175 007c 07       		.byte	0x7
 176 007d C7020000 		.4byte	.LASF10
 177 0081 03       		.uleb128 0x3
 178 0082 3B010000 		.4byte	.LASF11
 179 0086 03       		.byte	0x3
 180 0087 18       		.byte	0x18
 181 0088 2C000000 		.4byte	0x2c
 182 008c 03       		.uleb128 0x3
 183 008d DF030000 		.4byte	.LASF12
 184 0091 03       		.byte	0x3
 185 0092 2C       		.byte	0x2c
 186 0093 4C000000 		.4byte	0x4c
 187 0097 02       		.uleb128 0x2
 188 0098 04       		.byte	0x4
 189 0099 04       		.byte	0x4
 190 009a A5010000 		.4byte	.LASF13
 191 009e 02       		.uleb128 0x2
 192 009f 08       		.byte	0x8
 193 00a0 04       		.byte	0x4
 194 00a1 41040000 		.4byte	.LASF14
 195 00a5 02       		.uleb128 0x2
 196 00a6 01       		.byte	0x1
 197 00a7 08       		.byte	0x8
 198 00a8 C5030000 		.4byte	.LASF15
 199 00ac 02       		.uleb128 0x2
 200 00ad 08       		.byte	0x8
 201 00ae 04       		.byte	0x4
 202 00af 8A020000 		.4byte	.LASF16
 203 00b3 03       		.uleb128 0x3
 204 00b4 06030000 		.4byte	.LASF17
 205 00b8 04       		.byte	0x4
 206 00b9 53       		.byte	0x53
 207 00ba 73000000 		.4byte	0x73
 208 00be 03       		.uleb128 0x3
 209 00bf F8000000 		.4byte	.LASF18
 210 00c3 04       		.byte	0x4
 211 00c4 54       		.byte	0x54
 212 00c5 7A000000 		.4byte	0x7a
 213 00c9 03       		.uleb128 0x3
 214 00ca 5A040000 		.4byte	.LASF19
 215 00ce 05       		.byte	0x5
ARM GAS  C:\Users\zakis\AppData\Local\Temp\cciS4Dj1.s 			page 6


 216 00cf 4D       		.byte	0x4d
 217 00d0 BE000000 		.4byte	0xbe
 218 00d4 03       		.uleb128 0x3
 219 00d5 C8000000 		.4byte	.LASF20
 220 00d9 05       		.byte	0x5
 221 00da 4F       		.byte	0x4f
 222 00db BE000000 		.4byte	0xbe
 223 00df 03       		.uleb128 0x3
 224 00e0 34010000 		.4byte	.LASF21
 225 00e4 05       		.byte	0x5
 226 00e5 78       		.byte	0x78
 227 00e6 B3000000 		.4byte	0xb3
 228 00ea 02       		.uleb128 0x2
 229 00eb 04       		.byte	0x4
 230 00ec 07       		.byte	0x7
 231 00ed B1000000 		.4byte	.LASF22
 232 00f1 03       		.uleb128 0x3
 233 00f2 6E020000 		.4byte	.LASF23
 234 00f6 06       		.byte	0x6
 235 00f7 9C       		.byte	0x9c
 236 00f8 37000000 		.4byte	0x37
 237 00fc 05       		.uleb128 0x5
 238 00fd 01       		.byte	0x1
 239 00fe 25000000 		.4byte	0x25
 240 0102 06       		.byte	0x6
 241 0103 CF       		.byte	0xcf
 242 0104 A5010000 		.4byte	0x1a5
 243 0108 06       		.uleb128 0x6
 244 0109 13000000 		.4byte	.LASF24
 245 010d 00       		.byte	0
 246 010e 07       		.uleb128 0x7
 247 010f B8040000 		.4byte	.LASF25
 248 0113 7F       		.sleb128 -1
 249 0114 07       		.uleb128 0x7
 250 0115 E2020000 		.4byte	.LASF26
 251 0119 7E       		.sleb128 -2
 252 011a 07       		.uleb128 0x7
 253 011b BA000000 		.4byte	.LASF27
 254 011f 7D       		.sleb128 -3
 255 0120 07       		.uleb128 0x7
 256 0121 C1040000 		.4byte	.LASF28
 257 0125 7C       		.sleb128 -4
 258 0126 07       		.uleb128 0x7
 259 0127 88010000 		.4byte	.LASF29
 260 012b 7B       		.sleb128 -5
 261 012c 07       		.uleb128 0x7
 262 012d 70040000 		.4byte	.LASF30
 263 0131 7A       		.sleb128 -6
 264 0132 07       		.uleb128 0x7
 265 0133 21020000 		.4byte	.LASF31
 266 0137 79       		.sleb128 -7
 267 0138 07       		.uleb128 0x7
 268 0139 CA030000 		.4byte	.LASF32
 269 013d 78       		.sleb128 -8
 270 013e 07       		.uleb128 0x7
 271 013f F0020000 		.4byte	.LASF33
 272 0143 77       		.sleb128 -9
ARM GAS  C:\Users\zakis\AppData\Local\Temp\cciS4Dj1.s 			page 7


 273 0144 07       		.uleb128 0x7
 274 0145 33020000 		.4byte	.LASF34
 275 0149 76       		.sleb128 -10
 276 014a 07       		.uleb128 0x7
 277 014b EE040000 		.4byte	.LASF35
 278 014f 75       		.sleb128 -11
 279 0150 07       		.uleb128 0x7
 280 0151 D4020000 		.4byte	.LASF36
 281 0155 74       		.sleb128 -12
 282 0156 07       		.uleb128 0x7
 283 0157 48040000 		.4byte	.LASF37
 284 015b 73       		.sleb128 -13
 285 015c 07       		.uleb128 0x7
 286 015d 00000000 		.4byte	.LASF38
 287 0161 72       		.sleb128 -14
 288 0162 07       		.uleb128 0x7
 289 0163 36000000 		.4byte	.LASF39
 290 0167 71       		.sleb128 -15
 291 0168 07       		.uleb128 0x7
 292 0169 4B020000 		.4byte	.LASF40
 293 016d 70       		.sleb128 -16
 294 016e 07       		.uleb128 0x7
 295 016f D0000000 		.4byte	.LASF41
 296 0173 6F       		.sleb128 -17
 297 0174 07       		.uleb128 0x7
 298 0175 9C000000 		.4byte	.LASF42
 299 0179 6E       		.sleb128 -18
 300 017a 07       		.uleb128 0x7
 301 017b F4010000 		.4byte	.LASF43
 302 017f 6D       		.sleb128 -19
 303 0180 07       		.uleb128 0x7
 304 0181 E7030000 		.4byte	.LASF44
 305 0185 6C       		.sleb128 -20
 306 0186 07       		.uleb128 0x7
 307 0187 5C020000 		.4byte	.LASF45
 308 018b 6B       		.sleb128 -21
 309 018c 07       		.uleb128 0x7
 310 018d 99040000 		.4byte	.LASF46
 311 0191 6A       		.sleb128 -22
 312 0192 07       		.uleb128 0x7
 313 0193 43010000 		.4byte	.LASF47
 314 0197 69       		.sleb128 -23
 315 0198 07       		.uleb128 0x7
 316 0199 07020000 		.4byte	.LASF48
 317 019d 68       		.sleb128 -24
 318 019e 07       		.uleb128 0x7
 319 019f 02010000 		.4byte	.LASF49
 320 01a3 67       		.sleb128 -25
 321 01a4 00       		.byte	0
 322 01a5 03       		.uleb128 0x3
 323 01a6 E9040000 		.4byte	.LASF50
 324 01aa 06       		.byte	0x6
 325 01ab EA       		.byte	0xea
 326 01ac FC000000 		.4byte	0xfc
 327 01b0 08       		.uleb128 0x8
 328 01b1 04       		.byte	0x4
 329 01b2 07       		.byte	0x7
ARM GAS  C:\Users\zakis\AppData\Local\Temp\cciS4Dj1.s 			page 8


 330 01b3 21       		.byte	0x21
 331 01b4 E9010000 		.4byte	0x1e9
 332 01b8 09       		.uleb128 0x9
 333 01b9 0F030000 		.4byte	.LASF51
 334 01bd 07       		.byte	0x7
 335 01be 24       		.byte	0x24
 336 01bf F1000000 		.4byte	0xf1
 337 01c3 00       		.byte	0
 338 01c4 09       		.uleb128 0x9
 339 01c5 E4000000 		.4byte	.LASF52
 340 01c9 07       		.byte	0x7
 341 01ca 25       		.byte	0x25
 342 01cb F1000000 		.4byte	0xf1
 343 01cf 01       		.byte	0x1
 344 01d0 09       		.uleb128 0x9
 345 01d1 1E000000 		.4byte	.LASF53
 346 01d5 07       		.byte	0x7
 347 01d6 27       		.byte	0x27
 348 01d7 81000000 		.4byte	0x81
 349 01db 02       		.byte	0x2
 350 01dc 09       		.uleb128 0x9
 351 01dd 1B010000 		.4byte	.LASF54
 352 01e1 07       		.byte	0x7
 353 01e2 28       		.byte	0x28
 354 01e3 81000000 		.4byte	0x81
 355 01e7 03       		.byte	0x3
 356 01e8 00       		.byte	0
 357 01e9 03       		.uleb128 0x3
 358 01ea 78020000 		.4byte	.LASF55
 359 01ee 07       		.byte	0x7
 360 01ef 2B       		.byte	0x2b
 361 01f0 B0010000 		.4byte	0x1b0
 362 01f4 0A       		.uleb128 0xa
 363 01f5 AB010000 		.4byte	.LASF69
 364 01f9 01       		.byte	0x1
 365 01fa 29       		.byte	0x29
 366 01fb A5010000 		.4byte	0x1a5
 367 01ff 00000000 		.4byte	.LFB110
 368 0203 4E000000 		.4byte	.LFE110-.LFB110
 369 0207 01       		.uleb128 0x1
 370 0208 9C       		.byte	0x9c
 371 0209 41020000 		.4byte	0x241
 372 020d 0B       		.uleb128 0xb
 373 020e FA030000 		.4byte	.LASF70
 374 0212 01       		.byte	0x1
 375 0213 29       		.byte	0x29
 376 0214 47020000 		.4byte	0x247
 377 0218 00000000 		.4byte	.LLST0
 378 021c 0C       		.uleb128 0xc
 379 021d 0E000000 		.4byte	.LVL1
 380 0221 94020000 		.4byte	0x294
 381 0225 0C       		.uleb128 0xc
 382 0226 16000000 		.4byte	.LVL2
 383 022a 9F020000 		.4byte	0x29f
 384 022e 0C       		.uleb128 0xc
 385 022f 2E000000 		.4byte	.LVL3
 386 0233 AA020000 		.4byte	0x2aa
ARM GAS  C:\Users\zakis\AppData\Local\Temp\cciS4Dj1.s 			page 9


 387 0237 0C       		.uleb128 0xc
 388 0238 36000000 		.4byte	.LVL4
 389 023c B5020000 		.4byte	0x2b5
 390 0240 00       		.byte	0
 391 0241 0D       		.uleb128 0xd
 392 0242 04       		.byte	0x4
 393 0243 E9010000 		.4byte	0x1e9
 394 0247 0E       		.uleb128 0xe
 395 0248 41020000 		.4byte	0x241
 396 024c 0F       		.uleb128 0xf
 397 024d D1040000 		.4byte	.LASF56
 398 0251 08       		.byte	0x8
 399 0252 40       		.byte	0x40
 400 0253 C9000000 		.4byte	0xc9
 401 0257 0F       		.uleb128 0xf
 402 0258 DB010000 		.4byte	.LASF57
 403 025c 08       		.byte	0x8
 404 025d 47       		.byte	0x47
 405 025e D4000000 		.4byte	0xd4
 406 0262 0F       		.uleb128 0xf
 407 0263 FF030000 		.4byte	.LASF58
 408 0267 08       		.byte	0x8
 409 0268 4A       		.byte	0x4a
 410 0269 C9000000 		.4byte	0xc9
 411 026d 0F       		.uleb128 0xf
 412 026e 6F010000 		.4byte	.LASF59
 413 0272 09       		.byte	0x9
 414 0273 48       		.byte	0x48
 415 0274 DF000000 		.4byte	0xdf
 416 0278 0F       		.uleb128 0xf
 417 0279 5A010000 		.4byte	.LASF60
 418 027d 0A       		.byte	0xa
 419 027e 44       		.byte	0x44
 420 027f C9000000 		.4byte	0xc9
 421 0283 10       		.uleb128 0x10
 422 0284 AB040000 		.4byte	.LASF61
 423 0288 0B       		.byte	0xb
 424 0289 1207     		.2byte	0x712
 425 028b 8F020000 		.4byte	0x28f
 426 028f 11       		.uleb128 0x11
 427 0290 8C000000 		.4byte	0x8c
 428 0294 12       		.uleb128 0x12
 429 0295 BF010000 		.4byte	.LASF62
 430 0299 BF010000 		.4byte	.LASF62
 431 029d 0C       		.byte	0xc
 432 029e 29       		.byte	0x29
 433 029f 12       		.uleb128 0x12
 434 02a0 97010000 		.4byte	.LASF63
 435 02a4 97010000 		.4byte	.LASF63
 436 02a8 0D       		.byte	0xd
 437 02a9 29       		.byte	0x29
 438 02aa 12       		.uleb128 0x12
 439 02ab 81040000 		.4byte	.LASF64
 440 02af 81040000 		.4byte	.LASF64
 441 02b3 0E       		.byte	0xe
 442 02b4 29       		.byte	0x29
 443 02b5 12       		.uleb128 0x12
ARM GAS  C:\Users\zakis\AppData\Local\Temp\cciS4Dj1.s 			page 10


 444 02b6 62040000 		.4byte	.LASF65
 445 02ba 62040000 		.4byte	.LASF65
 446 02be 0F       		.byte	0xf
 447 02bf 29       		.byte	0x29
 448 02c0 00       		.byte	0
 449              		.section	.debug_abbrev,"",%progbits
 450              	.Ldebug_abbrev0:
 451 0000 01       		.uleb128 0x1
 452 0001 11       		.uleb128 0x11
 453 0002 01       		.byte	0x1
 454 0003 25       		.uleb128 0x25
 455 0004 0E       		.uleb128 0xe
 456 0005 13       		.uleb128 0x13
 457 0006 0B       		.uleb128 0xb
 458 0007 03       		.uleb128 0x3
 459 0008 0E       		.uleb128 0xe
 460 0009 1B       		.uleb128 0x1b
 461 000a 0E       		.uleb128 0xe
 462 000b 55       		.uleb128 0x55
 463 000c 17       		.uleb128 0x17
 464 000d 11       		.uleb128 0x11
 465 000e 01       		.uleb128 0x1
 466 000f 10       		.uleb128 0x10
 467 0010 17       		.uleb128 0x17
 468 0011 00       		.byte	0
 469 0012 00       		.byte	0
 470 0013 02       		.uleb128 0x2
 471 0014 24       		.uleb128 0x24
 472 0015 00       		.byte	0
 473 0016 0B       		.uleb128 0xb
 474 0017 0B       		.uleb128 0xb
 475 0018 3E       		.uleb128 0x3e
 476 0019 0B       		.uleb128 0xb
 477 001a 03       		.uleb128 0x3
 478 001b 0E       		.uleb128 0xe
 479 001c 00       		.byte	0
 480 001d 00       		.byte	0
 481 001e 03       		.uleb128 0x3
 482 001f 16       		.uleb128 0x16
 483 0020 00       		.byte	0
 484 0021 03       		.uleb128 0x3
 485 0022 0E       		.uleb128 0xe
 486 0023 3A       		.uleb128 0x3a
 487 0024 0B       		.uleb128 0xb
 488 0025 3B       		.uleb128 0x3b
 489 0026 0B       		.uleb128 0xb
 490 0027 49       		.uleb128 0x49
 491 0028 13       		.uleb128 0x13
 492 0029 00       		.byte	0
 493 002a 00       		.byte	0
 494 002b 04       		.uleb128 0x4
 495 002c 24       		.uleb128 0x24
 496 002d 00       		.byte	0
 497 002e 0B       		.uleb128 0xb
 498 002f 0B       		.uleb128 0xb
 499 0030 3E       		.uleb128 0x3e
 500 0031 0B       		.uleb128 0xb
ARM GAS  C:\Users\zakis\AppData\Local\Temp\cciS4Dj1.s 			page 11


 501 0032 03       		.uleb128 0x3
 502 0033 08       		.uleb128 0x8
 503 0034 00       		.byte	0
 504 0035 00       		.byte	0
 505 0036 05       		.uleb128 0x5
 506 0037 04       		.uleb128 0x4
 507 0038 01       		.byte	0x1
 508 0039 0B       		.uleb128 0xb
 509 003a 0B       		.uleb128 0xb
 510 003b 49       		.uleb128 0x49
 511 003c 13       		.uleb128 0x13
 512 003d 3A       		.uleb128 0x3a
 513 003e 0B       		.uleb128 0xb
 514 003f 3B       		.uleb128 0x3b
 515 0040 0B       		.uleb128 0xb
 516 0041 01       		.uleb128 0x1
 517 0042 13       		.uleb128 0x13
 518 0043 00       		.byte	0
 519 0044 00       		.byte	0
 520 0045 06       		.uleb128 0x6
 521 0046 28       		.uleb128 0x28
 522 0047 00       		.byte	0
 523 0048 03       		.uleb128 0x3
 524 0049 0E       		.uleb128 0xe
 525 004a 1C       		.uleb128 0x1c
 526 004b 0B       		.uleb128 0xb
 527 004c 00       		.byte	0
 528 004d 00       		.byte	0
 529 004e 07       		.uleb128 0x7
 530 004f 28       		.uleb128 0x28
 531 0050 00       		.byte	0
 532 0051 03       		.uleb128 0x3
 533 0052 0E       		.uleb128 0xe
 534 0053 1C       		.uleb128 0x1c
 535 0054 0D       		.uleb128 0xd
 536 0055 00       		.byte	0
 537 0056 00       		.byte	0
 538 0057 08       		.uleb128 0x8
 539 0058 13       		.uleb128 0x13
 540 0059 01       		.byte	0x1
 541 005a 0B       		.uleb128 0xb
 542 005b 0B       		.uleb128 0xb
 543 005c 3A       		.uleb128 0x3a
 544 005d 0B       		.uleb128 0xb
 545 005e 3B       		.uleb128 0x3b
 546 005f 0B       		.uleb128 0xb
 547 0060 01       		.uleb128 0x1
 548 0061 13       		.uleb128 0x13
 549 0062 00       		.byte	0
 550 0063 00       		.byte	0
 551 0064 09       		.uleb128 0x9
 552 0065 0D       		.uleb128 0xd
 553 0066 00       		.byte	0
 554 0067 03       		.uleb128 0x3
 555 0068 0E       		.uleb128 0xe
 556 0069 3A       		.uleb128 0x3a
 557 006a 0B       		.uleb128 0xb
ARM GAS  C:\Users\zakis\AppData\Local\Temp\cciS4Dj1.s 			page 12


 558 006b 3B       		.uleb128 0x3b
 559 006c 0B       		.uleb128 0xb
 560 006d 49       		.uleb128 0x49
 561 006e 13       		.uleb128 0x13
 562 006f 38       		.uleb128 0x38
 563 0070 0B       		.uleb128 0xb
 564 0071 00       		.byte	0
 565 0072 00       		.byte	0
 566 0073 0A       		.uleb128 0xa
 567 0074 2E       		.uleb128 0x2e
 568 0075 01       		.byte	0x1
 569 0076 3F       		.uleb128 0x3f
 570 0077 19       		.uleb128 0x19
 571 0078 03       		.uleb128 0x3
 572 0079 0E       		.uleb128 0xe
 573 007a 3A       		.uleb128 0x3a
 574 007b 0B       		.uleb128 0xb
 575 007c 3B       		.uleb128 0x3b
 576 007d 0B       		.uleb128 0xb
 577 007e 27       		.uleb128 0x27
 578 007f 19       		.uleb128 0x19
 579 0080 49       		.uleb128 0x49
 580 0081 13       		.uleb128 0x13
 581 0082 11       		.uleb128 0x11
 582 0083 01       		.uleb128 0x1
 583 0084 12       		.uleb128 0x12
 584 0085 06       		.uleb128 0x6
 585 0086 40       		.uleb128 0x40
 586 0087 18       		.uleb128 0x18
 587 0088 9742     		.uleb128 0x2117
 588 008a 19       		.uleb128 0x19
 589 008b 01       		.uleb128 0x1
 590 008c 13       		.uleb128 0x13
 591 008d 00       		.byte	0
 592 008e 00       		.byte	0
 593 008f 0B       		.uleb128 0xb
 594 0090 05       		.uleb128 0x5
 595 0091 00       		.byte	0
 596 0092 03       		.uleb128 0x3
 597 0093 0E       		.uleb128 0xe
 598 0094 3A       		.uleb128 0x3a
 599 0095 0B       		.uleb128 0xb
 600 0096 3B       		.uleb128 0x3b
 601 0097 0B       		.uleb128 0xb
 602 0098 49       		.uleb128 0x49
 603 0099 13       		.uleb128 0x13
 604 009a 02       		.uleb128 0x2
 605 009b 17       		.uleb128 0x17
 606 009c 00       		.byte	0
 607 009d 00       		.byte	0
 608 009e 0C       		.uleb128 0xc
 609 009f 898201   		.uleb128 0x4109
 610 00a2 00       		.byte	0
 611 00a3 11       		.uleb128 0x11
 612 00a4 01       		.uleb128 0x1
 613 00a5 31       		.uleb128 0x31
 614 00a6 13       		.uleb128 0x13
ARM GAS  C:\Users\zakis\AppData\Local\Temp\cciS4Dj1.s 			page 13


 615 00a7 00       		.byte	0
 616 00a8 00       		.byte	0
 617 00a9 0D       		.uleb128 0xd
 618 00aa 0F       		.uleb128 0xf
 619 00ab 00       		.byte	0
 620 00ac 0B       		.uleb128 0xb
 621 00ad 0B       		.uleb128 0xb
 622 00ae 49       		.uleb128 0x49
 623 00af 13       		.uleb128 0x13
 624 00b0 00       		.byte	0
 625 00b1 00       		.byte	0
 626 00b2 0E       		.uleb128 0xe
 627 00b3 26       		.uleb128 0x26
 628 00b4 00       		.byte	0
 629 00b5 49       		.uleb128 0x49
 630 00b6 13       		.uleb128 0x13
 631 00b7 00       		.byte	0
 632 00b8 00       		.byte	0
 633 00b9 0F       		.uleb128 0xf
 634 00ba 34       		.uleb128 0x34
 635 00bb 00       		.byte	0
 636 00bc 03       		.uleb128 0x3
 637 00bd 0E       		.uleb128 0xe
 638 00be 3A       		.uleb128 0x3a
 639 00bf 0B       		.uleb128 0xb
 640 00c0 3B       		.uleb128 0x3b
 641 00c1 0B       		.uleb128 0xb
 642 00c2 49       		.uleb128 0x49
 643 00c3 13       		.uleb128 0x13
 644 00c4 3F       		.uleb128 0x3f
 645 00c5 19       		.uleb128 0x19
 646 00c6 3C       		.uleb128 0x3c
 647 00c7 19       		.uleb128 0x19
 648 00c8 00       		.byte	0
 649 00c9 00       		.byte	0
 650 00ca 10       		.uleb128 0x10
 651 00cb 34       		.uleb128 0x34
 652 00cc 00       		.byte	0
 653 00cd 03       		.uleb128 0x3
 654 00ce 0E       		.uleb128 0xe
 655 00cf 3A       		.uleb128 0x3a
 656 00d0 0B       		.uleb128 0xb
 657 00d1 3B       		.uleb128 0x3b
 658 00d2 05       		.uleb128 0x5
 659 00d3 49       		.uleb128 0x49
 660 00d4 13       		.uleb128 0x13
 661 00d5 3F       		.uleb128 0x3f
 662 00d6 19       		.uleb128 0x19
 663 00d7 3C       		.uleb128 0x3c
 664 00d8 19       		.uleb128 0x19
 665 00d9 00       		.byte	0
 666 00da 00       		.byte	0
 667 00db 11       		.uleb128 0x11
 668 00dc 35       		.uleb128 0x35
 669 00dd 00       		.byte	0
 670 00de 49       		.uleb128 0x49
 671 00df 13       		.uleb128 0x13
ARM GAS  C:\Users\zakis\AppData\Local\Temp\cciS4Dj1.s 			page 14


 672 00e0 00       		.byte	0
 673 00e1 00       		.byte	0
 674 00e2 12       		.uleb128 0x12
 675 00e3 2E       		.uleb128 0x2e
 676 00e4 00       		.byte	0
 677 00e5 3F       		.uleb128 0x3f
 678 00e6 19       		.uleb128 0x19
 679 00e7 3C       		.uleb128 0x3c
 680 00e8 19       		.uleb128 0x19
 681 00e9 6E       		.uleb128 0x6e
 682 00ea 0E       		.uleb128 0xe
 683 00eb 03       		.uleb128 0x3
 684 00ec 0E       		.uleb128 0xe
 685 00ed 3A       		.uleb128 0x3a
 686 00ee 0B       		.uleb128 0xb
 687 00ef 3B       		.uleb128 0x3b
 688 00f0 0B       		.uleb128 0xb
 689 00f1 00       		.byte	0
 690 00f2 00       		.byte	0
 691 00f3 00       		.byte	0
 692              		.section	.debug_loc,"",%progbits
 693              	.Ldebug_loc0:
 694              	.LLST0:
 695 0000 00000000 		.4byte	.LVL0
 696 0004 0D000000 		.4byte	.LVL1-1
 697 0008 0100     		.2byte	0x1
 698 000a 50       		.byte	0x50
 699 000b 0D000000 		.4byte	.LVL1-1
 700 000f 4E000000 		.4byte	.LFE110
 701 0013 0100     		.2byte	0x1
 702 0015 54       		.byte	0x54
 703 0016 00000000 		.4byte	0
 704 001a 00000000 		.4byte	0
 705              		.section	.debug_aranges,"",%progbits
 706 0000 1C000000 		.4byte	0x1c
 707 0004 0200     		.2byte	0x2
 708 0006 00000000 		.4byte	.Ldebug_info0
 709 000a 04       		.byte	0x4
 710 000b 00       		.byte	0
 711 000c 0000     		.2byte	0
 712 000e 0000     		.2byte	0
 713 0010 00000000 		.4byte	.LFB110
 714 0014 4E000000 		.4byte	.LFE110-.LFB110
 715 0018 00000000 		.4byte	0
 716 001c 00000000 		.4byte	0
 717              		.section	.debug_ranges,"",%progbits
 718              	.Ldebug_ranges0:
 719 0000 00000000 		.4byte	.LFB110
 720 0004 4E000000 		.4byte	.LFE110
 721 0008 00000000 		.4byte	0
 722 000c 00000000 		.4byte	0
 723              		.section	.debug_line,"",%progbits
 724              	.Ldebug_line0:
 725 0000 99020000 		.section	.debug_str,"MS",%progbits,1
 725      02006902 
 725      00000201 
 725      FB0E0D00 
ARM GAS  C:\Users\zakis\AppData\Local\Temp\cciS4Dj1.s 			page 15


 725      01010101 
 726              	.LASF38:
 727 0000 52435F45 		.ascii	"RC_ERROR_READ_ONLY\000"
 727      52524F52 
 727      5F524541 
 727      445F4F4E 
 727      4C5900
 728              	.LASF24:
 729 0013 52435F53 		.ascii	"RC_SUCCESS\000"
 729      55434345 
 729      535300
 730              	.LASF53:
 731 001e 6D5F6275 		.ascii	"m_buttonLeftPressedTime\000"
 731      74746F6E 
 731      4C656674 
 731      50726573 
 731      73656454 
 732              	.LASF39:
 733 0036 52435F45 		.ascii	"RC_ERROR_WRITE_ONLY\000"
 733      52524F52 
 733      5F575249 
 733      54455F4F 
 733      4E4C5900 
 734              	.LASF2:
 735 004a 73686F72 		.ascii	"short int\000"
 735      7420696E 
 735      7400
 736              	.LASF68:
 737 0054 433A5C55 		.ascii	"C:\\Users\\zakis\\Documents\\EAA\\ElectronicClock\\"
 737      73657273 
 737      5C7A616B 
 737      69735C44 
 737      6F63756D 
 738 0081 4C616232 		.ascii	"Lab2\\ElectronicClock.cydsn\000"
 738      5C456C65 
 738      6374726F 
 738      6E696343 
 738      6C6F636B 
 739              	.LASF42:
 740 009c 52435F45 		.ascii	"RC_ERROR_WRITE_FAILS\000"
 740      52524F52 
 740      5F575249 
 740      54455F46 
 740      41494C53 
 741              	.LASF22:
 742 00b1 73697A65 		.ascii	"sizetype\000"
 742      74797065 
 742      00
 743              	.LASF27:
 744 00ba 52435F45 		.ascii	"RC_ERROR_ZERO\000"
 744      52524F52 
 744      5F5A4552 
 744      4F00
 745              	.LASF20:
 746 00c8 45455F46 		.ascii	"EE_FREG\000"
 746      52454700 
 747              	.LASF41:
ARM GAS  C:\Users\zakis\AppData\Local\Temp\cciS4Dj1.s 			page 16


 748 00d0 52435F45 		.ascii	"RC_ERROR_READ_FAILS\000"
 748      52524F52 
 748      5F524541 
 748      445F4641 
 748      494C5300 
 749              	.LASF52:
 750 00e4 6D5F6275 		.ascii	"m_buttonLeftPressed\000"
 750      74746F6E 
 750      4C656674 
 750      50726573 
 750      73656400 
 751              	.LASF18:
 752 00f8 45455F55 		.ascii	"EE_UINT32\000"
 752      494E5433 
 752      3200
 753              	.LASF49:
 754 0102 52435F45 		.ascii	"RC_ERROR_NOT_IMPLEMENTED\000"
 754      52524F52 
 754      5F4E4F54 
 754      5F494D50 
 754      4C454D45 
 755              	.LASF54:
 756 011b 6D5F6275 		.ascii	"m_buttonRightPressedTime\000"
 756      74746F6E 
 756      52696768 
 756      74507265 
 756      73736564 
 757              	.LASF21:
 758 0134 45455F54 		.ascii	"EE_TID\000"
 758      494400
 759              	.LASF11:
 760 013b 75696E74 		.ascii	"uint8_t\000"
 760      385F7400 
 761              	.LASF47:
 762 0143 52435F45 		.ascii	"RC_ERROR_INVALID_STATE\000"
 762      52524F52 
 762      5F494E56 
 762      414C4944 
 762      5F535441 
 763              	.LASF60:
 764 015a 45455F49 		.ascii	"EE_IRQ_nesting_level\000"
 764      52515F6E 
 764      65737469 
 764      6E675F6C 
 764      6576656C 
 765              	.LASF59:
 766 016f 45455F73 		.ascii	"EE_std_endcycle_next_tid\000"
 766      74645F65 
 766      6E646379 
 766      636C655F 
 766      6E657874 
 767              	.LASF29:
 768 0188 52435F45 		.ascii	"RC_ERROR_RANGE\000"
 768      52524F52 
 768      5F52414E 
 768      474500
 769              	.LASF63:
ARM GAS  C:\Users\zakis\AppData\Local\Temp\cciS4Dj1.s 			page 17


 770 0197 42555454 		.ascii	"BUTTON_3_Read\000"
 770      4F4E5F33 
 770      5F526561 
 770      6400
 771              	.LASF13:
 772 01a5 666C6F61 		.ascii	"float\000"
 772      7400
 773              	.LASF69:
 774 01ab 53435F42 		.ascii	"SC_BUTTONS_driverIn\000"
 774      5554544F 
 774      4E535F64 
 774      72697665 
 774      72496E00 
 775              	.LASF62:
 776 01bf 42555454 		.ascii	"BUTTON_1_Read\000"
 776      4F4E5F31 
 776      5F526561 
 776      6400
 777              	.LASF8:
 778 01cd 6C6F6E67 		.ascii	"long long int\000"
 778      206C6F6E 
 778      6720696E 
 778      7400
 779              	.LASF57:
 780 01db 45455F6F 		.ascii	"EE_oo_IRQ_suspend_status\000"
 780      6F5F4952 
 780      515F7375 
 780      7370656E 
 780      645F7374 
 781              	.LASF43:
 782 01f4 52435F45 		.ascii	"RC_ERROR_NOT_MATCH\000"
 782      52524F52 
 782      5F4E4F54 
 782      5F4D4154 
 782      434800
 783              	.LASF48:
 784 0207 52435F45 		.ascii	"RC_ERROR_UNKNOWN\000"
 784      52524F52 
 784      5F554E4B 
 784      4E4F574E 
 784      00
 785              	.LASF6:
 786 0218 6C6F6E67 		.ascii	"long int\000"
 786      20696E74 
 786      00
 787              	.LASF31:
 788 0221 52435F45 		.ascii	"RC_ERROR_UNDERRUN\000"
 788      52524F52 
 788      5F554E44 
 788      45525255 
 788      4E00
 789              	.LASF34:
 790 0233 52435F45 		.ascii	"RC_ERROR_BUSY\000"
 790      52524F52 
 790      5F425553 
 790      5900
 791              	.LASF4:
ARM GAS  C:\Users\zakis\AppData\Local\Temp\cciS4Dj1.s 			page 18


 792 0241 5F5F7569 		.ascii	"__uint8_t\000"
 792      6E74385F 
 792      7400
 793              	.LASF40:
 794 024b 52435F45 		.ascii	"RC_ERROR_INVALID\000"
 794      52524F52 
 794      5F494E56 
 794      414C4944 
 794      00
 795              	.LASF45:
 796 025c 52435F45 		.ascii	"RC_ERROR_BAD_DATA\000"
 796      52524F52 
 796      5F424144 
 796      5F444154 
 796      4100
 797              	.LASF23:
 798 026e 626F6F6C 		.ascii	"boolean_t\000"
 798      65616E5F 
 798      7400
 799              	.LASF55:
 800 0278 53435F42 		.ascii	"SC_BUTTONS_data_t\000"
 800      5554544F 
 800      4E535F64 
 800      6174615F 
 800      7400
 801              	.LASF16:
 802 028a 6C6F6E67 		.ascii	"long double\000"
 802      20646F75 
 802      626C6500 
 803              	.LASF1:
 804 0296 756E7369 		.ascii	"unsigned char\000"
 804      676E6564 
 804      20636861 
 804      7200
 805              	.LASF0:
 806 02a4 7369676E 		.ascii	"signed char\000"
 806      65642063 
 806      68617200 
 807              	.LASF9:
 808 02b0 6C6F6E67 		.ascii	"long long unsigned int\000"
 808      206C6F6E 
 808      6720756E 
 808      7369676E 
 808      65642069 
 809              	.LASF10:
 810 02c7 756E7369 		.ascii	"unsigned int\000"
 810      676E6564 
 810      20696E74 
 810      00
 811              	.LASF36:
 812 02d4 52435F45 		.ascii	"RC_ERROR_OPEN\000"
 812      52524F52 
 812      5F4F5045 
 812      4E00
 813              	.LASF26:
 814 02e2 52435F45 		.ascii	"RC_ERROR_NULL\000"
 814      52524F52 
ARM GAS  C:\Users\zakis\AppData\Local\Temp\cciS4Dj1.s 			page 19


 814      5F4E554C 
 814      4C00
 815              	.LASF33:
 816 02f0 52435F45 		.ascii	"RC_ERROR_BUFFER_EMTPY\000"
 816      52524F52 
 816      5F425546 
 816      4645525F 
 816      454D5450 
 817              	.LASF17:
 818 0306 45455F49 		.ascii	"EE_INT32\000"
 818      4E543332 
 818      00
 819              	.LASF51:
 820 030f 6D5F6275 		.ascii	"m_buttonRightPressed\000"
 820      74746F6E 
 820      52696768 
 820      74507265 
 820      73736564 
 821              	.LASF3:
 822 0324 73686F72 		.ascii	"short unsigned int\000"
 822      7420756E 
 822      7369676E 
 822      65642069 
 822      6E7400
 823              	.LASF66:
 824 0337 474E5520 		.ascii	"GNU C11 5.4.1 20160609 (release) [ARM/embedded-5-br"
 824      43313120 
 824      352E342E 
 824      31203230 
 824      31363036 
 825 036a 616E6368 		.ascii	"anch revision 237715] -mcpu=cortex-m3 -mthumb -g -O"
 825      20726576 
 825      6973696F 
 825      6E203233 
 825      37373135 
 826 039d 67202D66 		.ascii	"g -ffunction-sections -ffat-lto-objects\000"
 826      66756E63 
 826      74696F6E 
 826      2D736563 
 826      74696F6E 
 827              	.LASF15:
 828 03c5 63686172 		.ascii	"char\000"
 828      00
 829              	.LASF32:
 830 03ca 52435F45 		.ascii	"RC_ERROR_BUFFER_FULL\000"
 830      52524F52 
 830      5F425546 
 830      4645525F 
 830      46554C4C 
 831              	.LASF12:
 832 03df 696E7433 		.ascii	"int32_t\000"
 832      325F7400 
 833              	.LASF44:
 834 03e7 52435F45 		.ascii	"RC_ERROR_BAD_PARAM\000"
 834      52524F52 
 834      5F424144 
 834      5F504152 
ARM GAS  C:\Users\zakis\AppData\Local\Temp\cciS4Dj1.s 			page 20


 834      414D00
 835              	.LASF70:
 836 03fa 64617461 		.ascii	"data\000"
 836      00
 837              	.LASF58:
 838 03ff 45455F41 		.ascii	"EE_ApplicationMode\000"
 838      70706C69 
 838      63617469 
 838      6F6E4D6F 
 838      646500
 839              	.LASF7:
 840 0412 6C6F6E67 		.ascii	"long unsigned int\000"
 840      20756E73 
 840      69676E65 
 840      6420696E 
 840      7400
 841              	.LASF67:
 842 0424 736F7572 		.ascii	"source\\rte\\sc_buttons_type.c\000"
 842      63655C72 
 842      74655C73 
 842      635F6275 
 842      74746F6E 
 843              	.LASF14:
 844 0441 646F7562 		.ascii	"double\000"
 844      6C6500
 845              	.LASF37:
 846 0448 52435F45 		.ascii	"RC_ERROR_CHECKSUM\000"
 846      52524F52 
 846      5F434845 
 846      434B5355 
 846      4D00
 847              	.LASF19:
 848 045a 45455F55 		.ascii	"EE_UREG\000"
 848      52454700 
 849              	.LASF65:
 850 0462 42555454 		.ascii	"BUTTON_4_Read\000"
 850      4F4E5F34 
 850      5F526561 
 850      6400
 851              	.LASF30:
 852 0470 52435F45 		.ascii	"RC_ERROR_OVERRUN\000"
 852      52524F52 
 852      5F4F5645 
 852      5252554E 
 852      00
 853              	.LASF64:
 854 0481 42555454 		.ascii	"BUTTON_2_Read\000"
 854      4F4E5F32 
 854      5F526561 
 854      6400
 855              	.LASF5:
 856 048f 5F5F696E 		.ascii	"__int32_t\000"
 856      7433325F 
 856      7400
 857              	.LASF46:
 858 0499 52435F45 		.ascii	"RC_ERROR_CANCELED\000"
 858      52524F52 
ARM GAS  C:\Users\zakis\AppData\Local\Temp\cciS4Dj1.s 			page 21


 858      5F43414E 
 858      43454C45 
 858      4400
 859              	.LASF61:
 860 04ab 49544D5F 		.ascii	"ITM_RxBuffer\000"
 860      52784275 
 860      66666572 
 860      00
 861              	.LASF25:
 862 04b8 52435F45 		.ascii	"RC_ERROR\000"
 862      52524F52 
 862      00
 863              	.LASF28:
 864 04c1 52435F45 		.ascii	"RC_ERROR_MEMORY\000"
 864      52524F52 
 864      5F4D454D 
 864      4F525900 
 865              	.LASF56:
 866 04d1 45455F6F 		.ascii	"EE_oo_IRQ_disable_count\000"
 866      6F5F4952 
 866      515F6469 
 866      7361626C 
 866      655F636F 
 867              	.LASF50:
 868 04e9 52435F74 		.ascii	"RC_t\000"
 868      00
 869              	.LASF35:
 870 04ee 52435F45 		.ascii	"RC_ERROR_TIME_OUT\000"
 870      52524F52 
 870      5F54494D 
 870      455F4F55 
 870      5400
 871              		.ident	"GCC: (GNU Tools for ARM Embedded Processors) 5.4.1 20160609 (release) [ARM/embedded-5-bran
