ARM GAS  C:\Users\zakis\AppData\Local\Temp\ccjg1iKu.s 			page 1


   1              		.syntax unified
   2              		.cpu cortex-m3
   3              		.fpu softvfp
   4              		.eabi_attribute 20, 1
   5              		.eabi_attribute 21, 1
   6              		.eabi_attribute 23, 3
   7              		.eabi_attribute 24, 1
   8              		.eabi_attribute 25, 1
   9              		.eabi_attribute 26, 1
  10              		.eabi_attribute 30, 1
  11              		.eabi_attribute 34, 1
  12              		.eabi_attribute 18, 4
  13              		.thumb
  14              		.syntax unified
  15              		.file	"sc_clockdata_type.c"
  16              		.text
  17              	.Ltext0:
  18              		.cfi_sections	.debug_frame
  19              		.section	.text.SC_CLOCKDATA_driverOut,"ax",%progbits
  20              		.align	2
  21              		.global	SC_CLOCKDATA_driverOut
  22              		.thumb
  23              		.thumb_func
  24              		.type	SC_CLOCKDATA_driverOut, %function
  25              	SC_CLOCKDATA_driverOut:
  26              	.LFB110:
  27              		.file 1 "source\\rte\\sc_clockdata_type.c"
   1:source\rte/sc_clockdata_type.c **** /*
   2:source\rte/sc_clockdata_type.c ****  * Filename: sc_clockdata_type.c
   3:source\rte/sc_clockdata_type.c ****  *
   4:source\rte/sc_clockdata_type.c ****  * Author: Autogenerated by H-DA RTE Generator, (c) Prof. Fromm
   5:source\rte/sc_clockdata_type.c ****  *
   6:source\rte/sc_clockdata_type.c ****  * description: Signalclass
   7:source\rte/sc_clockdata_type.c ****  * name: sc_clockData
   8:source\rte/sc_clockdata_type.c ****  * shortname: clockData
   9:source\rte/sc_clockdata_type.c ****  *
  10:source\rte/sc_clockdata_type.c ****  */
  11:source\rte/sc_clockdata_type.c **** 
  12:source\rte/sc_clockdata_type.c **** #include "project.h"
  13:source\rte/sc_clockdata_type.c **** #include "global.h"
  14:source\rte/sc_clockdata_type.c **** #include "rte.h"
  15:source\rte/sc_clockdata_type.c **** #include "rte_types.h"
  16:source\rte/sc_clockdata_type.c **** #include "sc_clockdata_type.h"
  17:source\rte/sc_clockdata_type.c **** 
  18:source\rte/sc_clockdata_type.c **** 
  19:source\rte/sc_clockdata_type.c **** 
  20:source\rte/sc_clockdata_type.c **** /* USER CODE START SC_CLOCKDATA_INCLUDE */
  21:source\rte/sc_clockdata_type.c **** 
  22:source\rte/sc_clockdata_type.c **** /* USER CODE END SC_CLOCKDATA_INCLUDE */
  23:source\rte/sc_clockdata_type.c **** 
  24:source\rte/sc_clockdata_type.c **** 
  25:source\rte/sc_clockdata_type.c **** 
  26:source\rte/sc_clockdata_type.c **** 
  27:source\rte/sc_clockdata_type.c **** /* USER CODE START SC_CLOCKDATA_USERDEFINITIONS */
  28:source\rte/sc_clockdata_type.c **** 
  29:source\rte/sc_clockdata_type.c **** /* USER CODE END SC_CLOCKDATA_USERDEFINITIONS */
  30:source\rte/sc_clockdata_type.c **** 
ARM GAS  C:\Users\zakis\AppData\Local\Temp\ccjg1iKu.s 			page 2


  31:source\rte/sc_clockdata_type.c **** 
  32:source\rte/sc_clockdata_type.c **** /*****************************************************************************************
  33:source\rte/sc_clockdata_type.c ****  *************** Port Wrapper Implementation for SC_CLOCKDATA signal  ****************
  34:source\rte/sc_clockdata_type.c ****  *****************************************************************************************/
  35:source\rte/sc_clockdata_type.c ****  
  36:source\rte/sc_clockdata_type.c ****  
  37:source\rte/sc_clockdata_type.c **** /**
  38:source\rte/sc_clockdata_type.c ****  * Default OUT driver API
  39:source\rte/sc_clockdata_type.c ****  */
  40:source\rte/sc_clockdata_type.c **** inline RC_t SC_CLOCKDATA_driverOut(const SC_CLOCKDATA_data_t  *const data)
  41:source\rte/sc_clockdata_type.c **** {
  28              		.loc 1 41 0
  29              		.cfi_startproc
  30              		@ args = 0, pretend = 0, frame = 0
  31              		@ frame_needed = 0, uses_anonymous_args = 0
  32              		@ link register save eliminated.
  33              	.LVL0:
  42:source\rte/sc_clockdata_type.c **** 	/* USER CODE START driverOutSC_CLOCKDATA */
  43:source\rte/sc_clockdata_type.c **** //#error "Add your code here"
  44:source\rte/sc_clockdata_type.c ****     //pushport code here
  45:source\rte/sc_clockdata_type.c ****     
  46:source\rte/sc_clockdata_type.c ****     
  47:source\rte/sc_clockdata_type.c **** 
  48:source\rte/sc_clockdata_type.c **** 	//Scale application data to drive format
  49:source\rte/sc_clockdata_type.c **** 
  50:source\rte/sc_clockdata_type.c **** 	//Write scaled data to driver
  51:source\rte/sc_clockdata_type.c **** 
  52:source\rte/sc_clockdata_type.c **** 	return RC_SUCCESS;
  53:source\rte/sc_clockdata_type.c **** 	/* USER CODE END driverOutSC_CLOCKDATA */
  54:source\rte/sc_clockdata_type.c **** }
  34              		.loc 1 54 0
  35 0000 0020     		movs	r0, #0
  36              	.LVL1:
  37 0002 7047     		bx	lr
  38              		.cfi_endproc
  39              	.LFE110:
  40              		.size	SC_CLOCKDATA_driverOut, .-SC_CLOCKDATA_driverOut
  41              		.text
  42              	.Letext0:
  43              		.file 2 "c:\\program files (x86)\\cypress\\psoc creator\\4.4\\psoc creator\\import\\gnu\\arm\\5.4.
  44              		.file 3 "c:\\program files (x86)\\cypress\\psoc creator\\4.4\\psoc creator\\import\\gnu\\arm\\5.4.
  45              		.file 4 "Generated_Source\\PSoC5/ErikaOS_1_common_ee_types.inc"
  46              		.file 5 "Generated_Source\\PSoC5/ErikaOS_1_cortex_mx_ee_cpu.inc"
  47              		.file 6 ".\\source\\bsw/global.h"
  48              		.file 7 "source\\rte\\sc_clockdata_type.h"
  49              		.file 8 "Generated_Source\\PSoC5/ErikaOS_1_ee_oo_intfunc.inc"
  50              		.file 9 "Generated_Source\\PSoC5/ErikaOS_1_cortex_mx_ee_context.inc"
  51              		.file 10 "Generated_Source\\PSoC5/ErikaOS_1_common_ee_primitives.inc"
  52              		.file 11 "Generated_Source\\PSoC5/core_cm3.h"
  53              		.section	.debug_info,"",%progbits
  54              	.Ldebug_info0:
  55 0000 92020000 		.4byte	0x292
  56 0004 0400     		.2byte	0x4
  57 0006 00000000 		.4byte	.Ldebug_abbrev0
  58 000a 04       		.byte	0x4
  59 000b 01       		.uleb128 0x1
  60 000c CF020000 		.4byte	.LASF64
ARM GAS  C:\Users\zakis\AppData\Local\Temp\ccjg1iKu.s 			page 3


  61 0010 0C       		.byte	0xc
  62 0011 62030000 		.4byte	.LASF65
  63 0015 44000000 		.4byte	.LASF66
  64 0019 00000000 		.4byte	.Ldebug_ranges0+0
  65 001d 00000000 		.4byte	0
  66 0021 00000000 		.4byte	.Ldebug_line0
  67 0025 02       		.uleb128 0x2
  68 0026 01       		.byte	0x1
  69 0027 06       		.byte	0x6
  70 0028 3D020000 		.4byte	.LASF0
  71 002c 03       		.uleb128 0x3
  72 002d E2010000 		.4byte	.LASF4
  73 0031 02       		.byte	0x2
  74 0032 1D       		.byte	0x1d
  75 0033 37000000 		.4byte	0x37
  76 0037 02       		.uleb128 0x2
  77 0038 01       		.byte	0x1
  78 0039 08       		.byte	0x8
  79 003a 25020000 		.4byte	.LASF1
  80 003e 02       		.uleb128 0x2
  81 003f 02       		.byte	0x2
  82 0040 05       		.byte	0x5
  83 0041 3A000000 		.4byte	.LASF2
  84 0045 02       		.uleb128 0x2
  85 0046 02       		.byte	0x2
  86 0047 07       		.byte	0x7
  87 0048 BC020000 		.4byte	.LASF3
  88 004c 03       		.uleb128 0x3
  89 004d 1E040000 		.4byte	.LASF5
  90 0051 02       		.byte	0x2
  91 0052 3F       		.byte	0x3f
  92 0053 57000000 		.4byte	0x57
  93 0057 02       		.uleb128 0x2
  94 0058 04       		.byte	0x4
  95 0059 05       		.byte	0x5
  96 005a B9010000 		.4byte	.LASF6
  97 005e 02       		.uleb128 0x2
  98 005f 04       		.byte	0x4
  99 0060 07       		.byte	0x7
 100 0061 C9030000 		.4byte	.LASF7
 101 0065 02       		.uleb128 0x2
 102 0066 08       		.byte	0x8
 103 0067 05       		.byte	0x5
 104 0068 6E010000 		.4byte	.LASF8
 105 006c 02       		.uleb128 0x2
 106 006d 08       		.byte	0x8
 107 006e 07       		.byte	0x7
 108 006f 49020000 		.4byte	.LASF9
 109 0073 04       		.uleb128 0x4
 110 0074 04       		.byte	0x4
 111 0075 05       		.byte	0x5
 112 0076 696E7400 		.ascii	"int\000"
 113 007a 02       		.uleb128 0x2
 114 007b 04       		.byte	0x4
 115 007c 07       		.byte	0x7
 116 007d 60020000 		.4byte	.LASF10
 117 0081 03       		.uleb128 0x3
ARM GAS  C:\Users\zakis\AppData\Local\Temp\ccjg1iKu.s 			page 4


 118 0082 EB000000 		.4byte	.LASF11
 119 0086 03       		.byte	0x3
 120 0087 18       		.byte	0x18
 121 0088 2C000000 		.4byte	0x2c
 122 008c 03       		.uleb128 0x3
 123 008d 96030000 		.4byte	.LASF12
 124 0091 03       		.byte	0x3
 125 0092 2C       		.byte	0x2c
 126 0093 4C000000 		.4byte	0x4c
 127 0097 02       		.uleb128 0x2
 128 0098 04       		.byte	0x4
 129 0099 04       		.byte	0x4
 130 009a 4F010000 		.4byte	.LASF13
 131 009e 02       		.uleb128 0x2
 132 009f 08       		.byte	0x8
 133 00a0 04       		.byte	0x4
 134 00a1 DB030000 		.4byte	.LASF14
 135 00a5 02       		.uleb128 0x2
 136 00a6 01       		.byte	0x1
 137 00a7 08       		.byte	0x8
 138 00a8 5D030000 		.4byte	.LASF15
 139 00ac 02       		.uleb128 0x2
 140 00ad 08       		.byte	0x8
 141 00ae 04       		.byte	0x4
 142 00af 19020000 		.4byte	.LASF16
 143 00b3 03       		.uleb128 0x3
 144 00b4 9F020000 		.4byte	.LASF17
 145 00b8 04       		.byte	0x4
 146 00b9 53       		.byte	0x53
 147 00ba 73000000 		.4byte	0x73
 148 00be 03       		.uleb128 0x3
 149 00bf D4000000 		.4byte	.LASF18
 150 00c3 04       		.byte	0x4
 151 00c4 54       		.byte	0x54
 152 00c5 7A000000 		.4byte	0x7a
 153 00c9 03       		.uleb128 0x3
 154 00ca 47010000 		.4byte	.LASF19
 155 00ce 05       		.byte	0x5
 156 00cf 4D       		.byte	0x4d
 157 00d0 BE000000 		.4byte	0xbe
 158 00d4 03       		.uleb128 0x3
 159 00d5 B8000000 		.4byte	.LASF20
 160 00d9 05       		.byte	0x5
 161 00da 4F       		.byte	0x4f
 162 00db BE000000 		.4byte	0xbe
 163 00df 03       		.uleb128 0x3
 164 00e0 DE000000 		.4byte	.LASF21
 165 00e4 05       		.byte	0x5
 166 00e5 78       		.byte	0x78
 167 00e6 B3000000 		.4byte	0xb3
 168 00ea 02       		.uleb128 0x2
 169 00eb 04       		.byte	0x4
 170 00ec 07       		.byte	0x7
 171 00ed A1000000 		.4byte	.LASF22
 172 00f1 03       		.uleb128 0x3
 173 00f2 0F020000 		.4byte	.LASF23
 174 00f6 06       		.byte	0x6
ARM GAS  C:\Users\zakis\AppData\Local\Temp\ccjg1iKu.s 			page 5


 175 00f7 9C       		.byte	0x9c
 176 00f8 37000000 		.4byte	0x37
 177 00fc 05       		.uleb128 0x5
 178 00fd 01       		.byte	0x1
 179 00fe 25000000 		.4byte	0x25
 180 0102 06       		.byte	0x6
 181 0103 CF       		.byte	0xcf
 182 0104 A5010000 		.4byte	0x1a5
 183 0108 06       		.uleb128 0x6
 184 0109 13000000 		.4byte	.LASF24
 185 010d 00       		.byte	0
 186 010e 07       		.uleb128 0x7
 187 010f 6F040000 		.4byte	.LASF25
 188 0113 7F       		.sleb128 -1
 189 0114 07       		.uleb128 0x7
 190 0115 7B020000 		.4byte	.LASF26
 191 0119 7E       		.sleb128 -2
 192 011a 07       		.uleb128 0x7
 193 011b AA000000 		.4byte	.LASF27
 194 011f 7D       		.sleb128 -3
 195 0120 07       		.uleb128 0x7
 196 0121 78040000 		.4byte	.LASF28
 197 0125 7C       		.sleb128 -4
 198 0126 07       		.uleb128 0x7
 199 0127 38010000 		.4byte	.LASF29
 200 012b 7B       		.sleb128 -5
 201 012c 07       		.uleb128 0x7
 202 012d 0D040000 		.4byte	.LASF30
 203 0131 7A       		.sleb128 -6
 204 0132 07       		.uleb128 0x7
 205 0133 C2010000 		.4byte	.LASF31
 206 0137 79       		.sleb128 -7
 207 0138 07       		.uleb128 0x7
 208 0139 81030000 		.4byte	.LASF32
 209 013d 78       		.sleb128 -8
 210 013e 07       		.uleb128 0x7
 211 013f 89020000 		.4byte	.LASF33
 212 0143 77       		.sleb128 -9
 213 0144 07       		.uleb128 0x7
 214 0145 D4010000 		.4byte	.LASF34
 215 0149 76       		.sleb128 -10
 216 014a 07       		.uleb128 0x7
 217 014b A5040000 		.4byte	.LASF35
 218 014f 75       		.sleb128 -11
 219 0150 07       		.uleb128 0x7
 220 0151 6D020000 		.4byte	.LASF36
 221 0155 74       		.sleb128 -12
 222 0156 07       		.uleb128 0x7
 223 0157 F1030000 		.4byte	.LASF37
 224 015b 73       		.sleb128 -13
 225 015c 07       		.uleb128 0x7
 226 015d 00000000 		.4byte	.LASF38
 227 0161 72       		.sleb128 -14
 228 0162 07       		.uleb128 0x7
 229 0163 1E000000 		.4byte	.LASF39
 230 0167 71       		.sleb128 -15
 231 0168 07       		.uleb128 0x7
ARM GAS  C:\Users\zakis\AppData\Local\Temp\ccjg1iKu.s 			page 6


 232 0169 EC010000 		.4byte	.LASF40
 233 016d 70       		.sleb128 -16
 234 016e 07       		.uleb128 0x7
 235 016f C0000000 		.4byte	.LASF41
 236 0173 6F       		.sleb128 -17
 237 0174 07       		.uleb128 0x7
 238 0175 8C000000 		.4byte	.LASF42
 239 0179 6E       		.sleb128 -18
 240 017a 07       		.uleb128 0x7
 241 017b 95010000 		.4byte	.LASF43
 242 017f 6D       		.sleb128 -19
 243 0180 07       		.uleb128 0x7
 244 0181 9E030000 		.4byte	.LASF44
 245 0185 6C       		.sleb128 -20
 246 0186 07       		.uleb128 0x7
 247 0187 FD010000 		.4byte	.LASF45
 248 018b 6B       		.sleb128 -21
 249 018c 07       		.uleb128 0x7
 250 018d 50040000 		.4byte	.LASF46
 251 0191 6A       		.sleb128 -22
 252 0192 07       		.uleb128 0x7
 253 0193 F3000000 		.4byte	.LASF47
 254 0197 69       		.sleb128 -23
 255 0198 07       		.uleb128 0x7
 256 0199 A8010000 		.4byte	.LASF48
 257 019d 68       		.sleb128 -24
 258 019e 07       		.uleb128 0x7
 259 019f 55010000 		.4byte	.LASF49
 260 01a3 67       		.sleb128 -25
 261 01a4 00       		.byte	0
 262 01a5 03       		.uleb128 0x3
 263 01a6 A0040000 		.4byte	.LASF50
 264 01aa 06       		.byte	0x6
 265 01ab EA       		.byte	0xea
 266 01ac FC000000 		.4byte	0xfc
 267 01b0 08       		.uleb128 0x8
 268 01b1 03       		.byte	0x3
 269 01b2 07       		.byte	0x7
 270 01b3 1C       		.byte	0x1c
 271 01b4 DD010000 		.4byte	0x1dd
 272 01b8 09       		.uleb128 0x9
 273 01b9 3F040000 		.4byte	.LASF51
 274 01bd 07       		.byte	0x7
 275 01be 1D       		.byte	0x1d
 276 01bf F1000000 		.4byte	0xf1
 277 01c3 00       		.byte	0
 278 01c4 09       		.uleb128 0x9
 279 01c5 E5000000 		.4byte	.LASF52
 280 01c9 07       		.byte	0x7
 281 01ca 1E       		.byte	0x1e
 282 01cb 81000000 		.4byte	0x81
 283 01cf 01       		.byte	0x1
 284 01d0 09       		.uleb128 0x9
 285 01d1 03040000 		.4byte	.LASF53
 286 01d5 07       		.byte	0x7
 287 01d6 1F       		.byte	0x1f
 288 01d7 F1000000 		.4byte	0xf1
ARM GAS  C:\Users\zakis\AppData\Local\Temp\ccjg1iKu.s 			page 7


 289 01db 02       		.byte	0x2
 290 01dc 00       		.byte	0
 291 01dd 03       		.uleb128 0x3
 292 01de E2030000 		.4byte	.LASF54
 293 01e2 07       		.byte	0x7
 294 01e3 20       		.byte	0x20
 295 01e4 B0010000 		.4byte	0x1b0
 296 01e8 08       		.uleb128 0x8
 297 01e9 06       		.byte	0x6
 298 01ea 07       		.byte	0x7
 299 01eb 26       		.byte	0x26
 300 01ec 09020000 		.4byte	0x209
 301 01f0 09       		.uleb128 0x9
 302 01f1 33020000 		.4byte	.LASF55
 303 01f5 07       		.byte	0x7
 304 01f6 2A       		.byte	0x2a
 305 01f7 DD010000 		.4byte	0x1dd
 306 01fb 00       		.byte	0
 307 01fc 09       		.uleb128 0x9
 308 01fd 32000000 		.4byte	.LASF56
 309 0201 07       		.byte	0x7
 310 0202 2B       		.byte	0x2b
 311 0203 DD010000 		.4byte	0x1dd
 312 0207 03       		.byte	0x3
 313 0208 00       		.byte	0
 314 0209 03       		.uleb128 0x3
 315 020a A8020000 		.4byte	.LASF57
 316 020e 07       		.byte	0x7
 317 020f 2F       		.byte	0x2f
 318 0210 E8010000 		.4byte	0x1e8
 319 0214 0A       		.uleb128 0xa
 320 0215 28040000 		.4byte	.LASF67
 321 0219 01       		.byte	0x1
 322 021a 28       		.byte	0x28
 323 021b A5010000 		.4byte	0x1a5
 324 021f 00000000 		.4byte	.LFB110
 325 0223 04000000 		.4byte	.LFE110-.LFB110
 326 0227 01       		.uleb128 0x1
 327 0228 9C       		.byte	0x9c
 328 0229 3D020000 		.4byte	0x23d
 329 022d 0B       		.uleb128 0xb
 330 022e B1030000 		.4byte	.LASF68
 331 0232 01       		.byte	0x1
 332 0233 28       		.byte	0x28
 333 0234 48020000 		.4byte	0x248
 334 0238 00000000 		.4byte	.LLST0
 335 023c 00       		.byte	0
 336 023d 0C       		.uleb128 0xc
 337 023e 04       		.byte	0x4
 338 023f 43020000 		.4byte	0x243
 339 0243 0D       		.uleb128 0xd
 340 0244 09020000 		.4byte	0x209
 341 0248 0D       		.uleb128 0xd
 342 0249 3D020000 		.4byte	0x23d
 343 024d 0E       		.uleb128 0xe
 344 024e 88040000 		.4byte	.LASF58
 345 0252 08       		.byte	0x8
ARM GAS  C:\Users\zakis\AppData\Local\Temp\ccjg1iKu.s 			page 8


 346 0253 40       		.byte	0x40
 347 0254 C9000000 		.4byte	0xc9
 348 0258 0E       		.uleb128 0xe
 349 0259 7C010000 		.4byte	.LASF59
 350 025d 08       		.byte	0x8
 351 025e 47       		.byte	0x47
 352 025f D4000000 		.4byte	0xd4
 353 0263 0E       		.uleb128 0xe
 354 0264 B6030000 		.4byte	.LASF60
 355 0268 08       		.byte	0x8
 356 0269 4A       		.byte	0x4a
 357 026a C9000000 		.4byte	0xc9
 358 026e 0E       		.uleb128 0xe
 359 026f 1F010000 		.4byte	.LASF61
 360 0273 09       		.byte	0x9
 361 0274 48       		.byte	0x48
 362 0275 DF000000 		.4byte	0xdf
 363 0279 0E       		.uleb128 0xe
 364 027a 0A010000 		.4byte	.LASF62
 365 027e 0A       		.byte	0xa
 366 027f 44       		.byte	0x44
 367 0280 C9000000 		.4byte	0xc9
 368 0284 0F       		.uleb128 0xf
 369 0285 62040000 		.4byte	.LASF63
 370 0289 0B       		.byte	0xb
 371 028a 1207     		.2byte	0x712
 372 028c 90020000 		.4byte	0x290
 373 0290 10       		.uleb128 0x10
 374 0291 8C000000 		.4byte	0x8c
 375 0295 00       		.byte	0
 376              		.section	.debug_abbrev,"",%progbits
 377              	.Ldebug_abbrev0:
 378 0000 01       		.uleb128 0x1
 379 0001 11       		.uleb128 0x11
 380 0002 01       		.byte	0x1
 381 0003 25       		.uleb128 0x25
 382 0004 0E       		.uleb128 0xe
 383 0005 13       		.uleb128 0x13
 384 0006 0B       		.uleb128 0xb
 385 0007 03       		.uleb128 0x3
 386 0008 0E       		.uleb128 0xe
 387 0009 1B       		.uleb128 0x1b
 388 000a 0E       		.uleb128 0xe
 389 000b 55       		.uleb128 0x55
 390 000c 17       		.uleb128 0x17
 391 000d 11       		.uleb128 0x11
 392 000e 01       		.uleb128 0x1
 393 000f 10       		.uleb128 0x10
 394 0010 17       		.uleb128 0x17
 395 0011 00       		.byte	0
 396 0012 00       		.byte	0
 397 0013 02       		.uleb128 0x2
 398 0014 24       		.uleb128 0x24
 399 0015 00       		.byte	0
 400 0016 0B       		.uleb128 0xb
 401 0017 0B       		.uleb128 0xb
 402 0018 3E       		.uleb128 0x3e
ARM GAS  C:\Users\zakis\AppData\Local\Temp\ccjg1iKu.s 			page 9


 403 0019 0B       		.uleb128 0xb
 404 001a 03       		.uleb128 0x3
 405 001b 0E       		.uleb128 0xe
 406 001c 00       		.byte	0
 407 001d 00       		.byte	0
 408 001e 03       		.uleb128 0x3
 409 001f 16       		.uleb128 0x16
 410 0020 00       		.byte	0
 411 0021 03       		.uleb128 0x3
 412 0022 0E       		.uleb128 0xe
 413 0023 3A       		.uleb128 0x3a
 414 0024 0B       		.uleb128 0xb
 415 0025 3B       		.uleb128 0x3b
 416 0026 0B       		.uleb128 0xb
 417 0027 49       		.uleb128 0x49
 418 0028 13       		.uleb128 0x13
 419 0029 00       		.byte	0
 420 002a 00       		.byte	0
 421 002b 04       		.uleb128 0x4
 422 002c 24       		.uleb128 0x24
 423 002d 00       		.byte	0
 424 002e 0B       		.uleb128 0xb
 425 002f 0B       		.uleb128 0xb
 426 0030 3E       		.uleb128 0x3e
 427 0031 0B       		.uleb128 0xb
 428 0032 03       		.uleb128 0x3
 429 0033 08       		.uleb128 0x8
 430 0034 00       		.byte	0
 431 0035 00       		.byte	0
 432 0036 05       		.uleb128 0x5
 433 0037 04       		.uleb128 0x4
 434 0038 01       		.byte	0x1
 435 0039 0B       		.uleb128 0xb
 436 003a 0B       		.uleb128 0xb
 437 003b 49       		.uleb128 0x49
 438 003c 13       		.uleb128 0x13
 439 003d 3A       		.uleb128 0x3a
 440 003e 0B       		.uleb128 0xb
 441 003f 3B       		.uleb128 0x3b
 442 0040 0B       		.uleb128 0xb
 443 0041 01       		.uleb128 0x1
 444 0042 13       		.uleb128 0x13
 445 0043 00       		.byte	0
 446 0044 00       		.byte	0
 447 0045 06       		.uleb128 0x6
 448 0046 28       		.uleb128 0x28
 449 0047 00       		.byte	0
 450 0048 03       		.uleb128 0x3
 451 0049 0E       		.uleb128 0xe
 452 004a 1C       		.uleb128 0x1c
 453 004b 0B       		.uleb128 0xb
 454 004c 00       		.byte	0
 455 004d 00       		.byte	0
 456 004e 07       		.uleb128 0x7
 457 004f 28       		.uleb128 0x28
 458 0050 00       		.byte	0
 459 0051 03       		.uleb128 0x3
ARM GAS  C:\Users\zakis\AppData\Local\Temp\ccjg1iKu.s 			page 10


 460 0052 0E       		.uleb128 0xe
 461 0053 1C       		.uleb128 0x1c
 462 0054 0D       		.uleb128 0xd
 463 0055 00       		.byte	0
 464 0056 00       		.byte	0
 465 0057 08       		.uleb128 0x8
 466 0058 13       		.uleb128 0x13
 467 0059 01       		.byte	0x1
 468 005a 0B       		.uleb128 0xb
 469 005b 0B       		.uleb128 0xb
 470 005c 3A       		.uleb128 0x3a
 471 005d 0B       		.uleb128 0xb
 472 005e 3B       		.uleb128 0x3b
 473 005f 0B       		.uleb128 0xb
 474 0060 01       		.uleb128 0x1
 475 0061 13       		.uleb128 0x13
 476 0062 00       		.byte	0
 477 0063 00       		.byte	0
 478 0064 09       		.uleb128 0x9
 479 0065 0D       		.uleb128 0xd
 480 0066 00       		.byte	0
 481 0067 03       		.uleb128 0x3
 482 0068 0E       		.uleb128 0xe
 483 0069 3A       		.uleb128 0x3a
 484 006a 0B       		.uleb128 0xb
 485 006b 3B       		.uleb128 0x3b
 486 006c 0B       		.uleb128 0xb
 487 006d 49       		.uleb128 0x49
 488 006e 13       		.uleb128 0x13
 489 006f 38       		.uleb128 0x38
 490 0070 0B       		.uleb128 0xb
 491 0071 00       		.byte	0
 492 0072 00       		.byte	0
 493 0073 0A       		.uleb128 0xa
 494 0074 2E       		.uleb128 0x2e
 495 0075 01       		.byte	0x1
 496 0076 3F       		.uleb128 0x3f
 497 0077 19       		.uleb128 0x19
 498 0078 03       		.uleb128 0x3
 499 0079 0E       		.uleb128 0xe
 500 007a 3A       		.uleb128 0x3a
 501 007b 0B       		.uleb128 0xb
 502 007c 3B       		.uleb128 0x3b
 503 007d 0B       		.uleb128 0xb
 504 007e 27       		.uleb128 0x27
 505 007f 19       		.uleb128 0x19
 506 0080 49       		.uleb128 0x49
 507 0081 13       		.uleb128 0x13
 508 0082 11       		.uleb128 0x11
 509 0083 01       		.uleb128 0x1
 510 0084 12       		.uleb128 0x12
 511 0085 06       		.uleb128 0x6
 512 0086 40       		.uleb128 0x40
 513 0087 18       		.uleb128 0x18
 514 0088 9742     		.uleb128 0x2117
 515 008a 19       		.uleb128 0x19
 516 008b 01       		.uleb128 0x1
ARM GAS  C:\Users\zakis\AppData\Local\Temp\ccjg1iKu.s 			page 11


 517 008c 13       		.uleb128 0x13
 518 008d 00       		.byte	0
 519 008e 00       		.byte	0
 520 008f 0B       		.uleb128 0xb
 521 0090 05       		.uleb128 0x5
 522 0091 00       		.byte	0
 523 0092 03       		.uleb128 0x3
 524 0093 0E       		.uleb128 0xe
 525 0094 3A       		.uleb128 0x3a
 526 0095 0B       		.uleb128 0xb
 527 0096 3B       		.uleb128 0x3b
 528 0097 0B       		.uleb128 0xb
 529 0098 49       		.uleb128 0x49
 530 0099 13       		.uleb128 0x13
 531 009a 02       		.uleb128 0x2
 532 009b 17       		.uleb128 0x17
 533 009c 00       		.byte	0
 534 009d 00       		.byte	0
 535 009e 0C       		.uleb128 0xc
 536 009f 0F       		.uleb128 0xf
 537 00a0 00       		.byte	0
 538 00a1 0B       		.uleb128 0xb
 539 00a2 0B       		.uleb128 0xb
 540 00a3 49       		.uleb128 0x49
 541 00a4 13       		.uleb128 0x13
 542 00a5 00       		.byte	0
 543 00a6 00       		.byte	0
 544 00a7 0D       		.uleb128 0xd
 545 00a8 26       		.uleb128 0x26
 546 00a9 00       		.byte	0
 547 00aa 49       		.uleb128 0x49
 548 00ab 13       		.uleb128 0x13
 549 00ac 00       		.byte	0
 550 00ad 00       		.byte	0
 551 00ae 0E       		.uleb128 0xe
 552 00af 34       		.uleb128 0x34
 553 00b0 00       		.byte	0
 554 00b1 03       		.uleb128 0x3
 555 00b2 0E       		.uleb128 0xe
 556 00b3 3A       		.uleb128 0x3a
 557 00b4 0B       		.uleb128 0xb
 558 00b5 3B       		.uleb128 0x3b
 559 00b6 0B       		.uleb128 0xb
 560 00b7 49       		.uleb128 0x49
 561 00b8 13       		.uleb128 0x13
 562 00b9 3F       		.uleb128 0x3f
 563 00ba 19       		.uleb128 0x19
 564 00bb 3C       		.uleb128 0x3c
 565 00bc 19       		.uleb128 0x19
 566 00bd 00       		.byte	0
 567 00be 00       		.byte	0
 568 00bf 0F       		.uleb128 0xf
 569 00c0 34       		.uleb128 0x34
 570 00c1 00       		.byte	0
 571 00c2 03       		.uleb128 0x3
 572 00c3 0E       		.uleb128 0xe
 573 00c4 3A       		.uleb128 0x3a
ARM GAS  C:\Users\zakis\AppData\Local\Temp\ccjg1iKu.s 			page 12


 574 00c5 0B       		.uleb128 0xb
 575 00c6 3B       		.uleb128 0x3b
 576 00c7 05       		.uleb128 0x5
 577 00c8 49       		.uleb128 0x49
 578 00c9 13       		.uleb128 0x13
 579 00ca 3F       		.uleb128 0x3f
 580 00cb 19       		.uleb128 0x19
 581 00cc 3C       		.uleb128 0x3c
 582 00cd 19       		.uleb128 0x19
 583 00ce 00       		.byte	0
 584 00cf 00       		.byte	0
 585 00d0 10       		.uleb128 0x10
 586 00d1 35       		.uleb128 0x35
 587 00d2 00       		.byte	0
 588 00d3 49       		.uleb128 0x49
 589 00d4 13       		.uleb128 0x13
 590 00d5 00       		.byte	0
 591 00d6 00       		.byte	0
 592 00d7 00       		.byte	0
 593              		.section	.debug_loc,"",%progbits
 594              	.Ldebug_loc0:
 595              	.LLST0:
 596 0000 00000000 		.4byte	.LVL0
 597 0004 02000000 		.4byte	.LVL1
 598 0008 0100     		.2byte	0x1
 599 000a 50       		.byte	0x50
 600 000b 02000000 		.4byte	.LVL1
 601 000f 04000000 		.4byte	.LFE110
 602 0013 0400     		.2byte	0x4
 603 0015 F3       		.byte	0xf3
 604 0016 01       		.uleb128 0x1
 605 0017 50       		.byte	0x50
 606 0018 9F       		.byte	0x9f
 607 0019 00000000 		.4byte	0
 608 001d 00000000 		.4byte	0
 609              		.section	.debug_aranges,"",%progbits
 610 0000 1C000000 		.4byte	0x1c
 611 0004 0200     		.2byte	0x2
 612 0006 00000000 		.4byte	.Ldebug_info0
 613 000a 04       		.byte	0x4
 614 000b 00       		.byte	0
 615 000c 0000     		.2byte	0
 616 000e 0000     		.2byte	0
 617 0010 00000000 		.4byte	.LFB110
 618 0014 04000000 		.4byte	.LFE110-.LFB110
 619 0018 00000000 		.4byte	0
 620 001c 00000000 		.4byte	0
 621              		.section	.debug_ranges,"",%progbits
 622              	.Ldebug_ranges0:
 623 0000 00000000 		.4byte	.LFB110
 624 0004 04000000 		.4byte	.LFE110
 625 0008 00000000 		.4byte	0
 626 000c 00000000 		.4byte	0
 627              		.section	.debug_line,"",%progbits
 628              	.Ldebug_line0:
 629 0000 4D020000 		.section	.debug_str,"MS",%progbits,1
 629      02003502 
ARM GAS  C:\Users\zakis\AppData\Local\Temp\ccjg1iKu.s 			page 13


 629      00000201 
 629      FB0E0D00 
 629      01010101 
 630              	.LASF38:
 631 0000 52435F45 		.ascii	"RC_ERROR_READ_ONLY\000"
 631      52524F52 
 631      5F524541 
 631      445F4F4E 
 631      4C5900
 632              	.LASF24:
 633 0013 52435F53 		.ascii	"RC_SUCCESS\000"
 633      55434345 
 633      535300
 634              	.LASF39:
 635 001e 52435F45 		.ascii	"RC_ERROR_WRITE_ONLY\000"
 635      52524F52 
 635      5F575249 
 635      54455F4F 
 635      4E4C5900 
 636              	.LASF56:
 637 0032 6D5F686F 		.ascii	"m_hours\000"
 637      75727300 
 638              	.LASF2:
 639 003a 73686F72 		.ascii	"short int\000"
 639      7420696E 
 639      7400
 640              	.LASF66:
 641 0044 433A5C55 		.ascii	"C:\\Users\\zakis\\Documents\\EAA\\ElectronicClock\\"
 641      73657273 
 641      5C7A616B 
 641      69735C44 
 641      6F63756D 
 642 0071 4C616232 		.ascii	"Lab2\\ElectronicClock.cydsn\000"
 642      5C456C65 
 642      6374726F 
 642      6E696343 
 642      6C6F636B 
 643              	.LASF42:
 644 008c 52435F45 		.ascii	"RC_ERROR_WRITE_FAILS\000"
 644      52524F52 
 644      5F575249 
 644      54455F46 
 644      41494C53 
 645              	.LASF22:
 646 00a1 73697A65 		.ascii	"sizetype\000"
 646      74797065 
 646      00
 647              	.LASF27:
 648 00aa 52435F45 		.ascii	"RC_ERROR_ZERO\000"
 648      52524F52 
 648      5F5A4552 
 648      4F00
 649              	.LASF20:
 650 00b8 45455F46 		.ascii	"EE_FREG\000"
 650      52454700 
 651              	.LASF41:
 652 00c0 52435F45 		.ascii	"RC_ERROR_READ_FAILS\000"
ARM GAS  C:\Users\zakis\AppData\Local\Temp\ccjg1iKu.s 			page 14


 652      52524F52 
 652      5F524541 
 652      445F4641 
 652      494C5300 
 653              	.LASF18:
 654 00d4 45455F55 		.ascii	"EE_UINT32\000"
 654      494E5433 
 654      3200
 655              	.LASF21:
 656 00de 45455F54 		.ascii	"EE_TID\000"
 656      494400
 657              	.LASF52:
 658 00e5 76616C75 		.ascii	"value\000"
 658      6500
 659              	.LASF11:
 660 00eb 75696E74 		.ascii	"uint8_t\000"
 660      385F7400 
 661              	.LASF47:
 662 00f3 52435F45 		.ascii	"RC_ERROR_INVALID_STATE\000"
 662      52524F52 
 662      5F494E56 
 662      414C4944 
 662      5F535441 
 663              	.LASF62:
 664 010a 45455F49 		.ascii	"EE_IRQ_nesting_level\000"
 664      52515F6E 
 664      65737469 
 664      6E675F6C 
 664      6576656C 
 665              	.LASF61:
 666 011f 45455F73 		.ascii	"EE_std_endcycle_next_tid\000"
 666      74645F65 
 666      6E646379 
 666      636C655F 
 666      6E657874 
 667              	.LASF29:
 668 0138 52435F45 		.ascii	"RC_ERROR_RANGE\000"
 668      52524F52 
 668      5F52414E 
 668      474500
 669              	.LASF19:
 670 0147 45455F55 		.ascii	"EE_UREG\000"
 670      52454700 
 671              	.LASF13:
 672 014f 666C6F61 		.ascii	"float\000"
 672      7400
 673              	.LASF49:
 674 0155 52435F45 		.ascii	"RC_ERROR_NOT_IMPLEMENTED\000"
 674      52524F52 
 674      5F4E4F54 
 674      5F494D50 
 674      4C454D45 
 675              	.LASF8:
 676 016e 6C6F6E67 		.ascii	"long long int\000"
 676      206C6F6E 
 676      6720696E 
 676      7400
ARM GAS  C:\Users\zakis\AppData\Local\Temp\ccjg1iKu.s 			page 15


 677              	.LASF59:
 678 017c 45455F6F 		.ascii	"EE_oo_IRQ_suspend_status\000"
 678      6F5F4952 
 678      515F7375 
 678      7370656E 
 678      645F7374 
 679              	.LASF43:
 680 0195 52435F45 		.ascii	"RC_ERROR_NOT_MATCH\000"
 680      52524F52 
 680      5F4E4F54 
 680      5F4D4154 
 680      434800
 681              	.LASF48:
 682 01a8 52435F45 		.ascii	"RC_ERROR_UNKNOWN\000"
 682      52524F52 
 682      5F554E4B 
 682      4E4F574E 
 682      00
 683              	.LASF6:
 684 01b9 6C6F6E67 		.ascii	"long int\000"
 684      20696E74 
 684      00
 685              	.LASF31:
 686 01c2 52435F45 		.ascii	"RC_ERROR_UNDERRUN\000"
 686      52524F52 
 686      5F554E44 
 686      45525255 
 686      4E00
 687              	.LASF34:
 688 01d4 52435F45 		.ascii	"RC_ERROR_BUSY\000"
 688      52524F52 
 688      5F425553 
 688      5900
 689              	.LASF4:
 690 01e2 5F5F7569 		.ascii	"__uint8_t\000"
 690      6E74385F 
 690      7400
 691              	.LASF40:
 692 01ec 52435F45 		.ascii	"RC_ERROR_INVALID\000"
 692      52524F52 
 692      5F494E56 
 692      414C4944 
 692      00
 693              	.LASF45:
 694 01fd 52435F45 		.ascii	"RC_ERROR_BAD_DATA\000"
 694      52524F52 
 694      5F424144 
 694      5F444154 
 694      4100
 695              	.LASF23:
 696 020f 626F6F6C 		.ascii	"boolean_t\000"
 696      65616E5F 
 696      7400
 697              	.LASF16:
 698 0219 6C6F6E67 		.ascii	"long double\000"
 698      20646F75 
 698      626C6500 
ARM GAS  C:\Users\zakis\AppData\Local\Temp\ccjg1iKu.s 			page 16


 699              	.LASF1:
 700 0225 756E7369 		.ascii	"unsigned char\000"
 700      676E6564 
 700      20636861 
 700      7200
 701              	.LASF55:
 702 0233 6D5F6D69 		.ascii	"m_minutes\000"
 702      6E757465 
 702      7300
 703              	.LASF0:
 704 023d 7369676E 		.ascii	"signed char\000"
 704      65642063 
 704      68617200 
 705              	.LASF9:
 706 0249 6C6F6E67 		.ascii	"long long unsigned int\000"
 706      206C6F6E 
 706      6720756E 
 706      7369676E 
 706      65642069 
 707              	.LASF10:
 708 0260 756E7369 		.ascii	"unsigned int\000"
 708      676E6564 
 708      20696E74 
 708      00
 709              	.LASF36:
 710 026d 52435F45 		.ascii	"RC_ERROR_OPEN\000"
 710      52524F52 
 710      5F4F5045 
 710      4E00
 711              	.LASF26:
 712 027b 52435F45 		.ascii	"RC_ERROR_NULL\000"
 712      52524F52 
 712      5F4E554C 
 712      4C00
 713              	.LASF33:
 714 0289 52435F45 		.ascii	"RC_ERROR_BUFFER_EMTPY\000"
 714      52524F52 
 714      5F425546 
 714      4645525F 
 714      454D5450 
 715              	.LASF17:
 716 029f 45455F49 		.ascii	"EE_INT32\000"
 716      4E543332 
 716      00
 717              	.LASF57:
 718 02a8 53435F43 		.ascii	"SC_CLOCKDATA_data_t\000"
 718      4C4F434B 
 718      44415441 
 718      5F646174 
 718      615F7400 
 719              	.LASF3:
 720 02bc 73686F72 		.ascii	"short unsigned int\000"
 720      7420756E 
 720      7369676E 
 720      65642069 
 720      6E7400
 721              	.LASF64:
ARM GAS  C:\Users\zakis\AppData\Local\Temp\ccjg1iKu.s 			page 17


 722 02cf 474E5520 		.ascii	"GNU C11 5.4.1 20160609 (release) [ARM/embedded-5-br"
 722      43313120 
 722      352E342E 
 722      31203230 
 722      31363036 
 723 0302 616E6368 		.ascii	"anch revision 237715] -mcpu=cortex-m3 -mthumb -g -O"
 723      20726576 
 723      6973696F 
 723      6E203233 
 723      37373135 
 724 0335 67202D66 		.ascii	"g -ffunction-sections -ffat-lto-objects\000"
 724      66756E63 
 724      74696F6E 
 724      2D736563 
 724      74696F6E 
 725              	.LASF15:
 726 035d 63686172 		.ascii	"char\000"
 726      00
 727              	.LASF65:
 728 0362 736F7572 		.ascii	"source\\rte\\sc_clockdata_type.c\000"
 728      63655C72 
 728      74655C73 
 728      635F636C 
 728      6F636B64 
 729              	.LASF32:
 730 0381 52435F45 		.ascii	"RC_ERROR_BUFFER_FULL\000"
 730      52524F52 
 730      5F425546 
 730      4645525F 
 730      46554C4C 
 731              	.LASF12:
 732 0396 696E7433 		.ascii	"int32_t\000"
 732      325F7400 
 733              	.LASF44:
 734 039e 52435F45 		.ascii	"RC_ERROR_BAD_PARAM\000"
 734      52524F52 
 734      5F424144 
 734      5F504152 
 734      414D00
 735              	.LASF68:
 736 03b1 64617461 		.ascii	"data\000"
 736      00
 737              	.LASF60:
 738 03b6 45455F41 		.ascii	"EE_ApplicationMode\000"
 738      70706C69 
 738      63617469 
 738      6F6E4D6F 
 738      646500
 739              	.LASF7:
 740 03c9 6C6F6E67 		.ascii	"long unsigned int\000"
 740      20756E73 
 740      69676E65 
 740      6420696E 
 740      7400
 741              	.LASF14:
 742 03db 646F7562 		.ascii	"double\000"
 742      6C6500
ARM GAS  C:\Users\zakis\AppData\Local\Temp\ccjg1iKu.s 			page 18


 743              	.LASF54:
 744 03e2 434C4F43 		.ascii	"CLOCK_Widget_t\000"
 744      4B5F5769 
 744      64676574 
 744      5F7400
 745              	.LASF37:
 746 03f1 52435F45 		.ascii	"RC_ERROR_CHECKSUM\000"
 746      52524F52 
 746      5F434845 
 746      434B5355 
 746      4D00
 747              	.LASF53:
 748 0403 6D5F6564 		.ascii	"m_editing\000"
 748      6974696E 
 748      6700
 749              	.LASF30:
 750 040d 52435F45 		.ascii	"RC_ERROR_OVERRUN\000"
 750      52524F52 
 750      5F4F5645 
 750      5252554E 
 750      00
 751              	.LASF5:
 752 041e 5F5F696E 		.ascii	"__int32_t\000"
 752      7433325F 
 752      7400
 753              	.LASF67:
 754 0428 53435F43 		.ascii	"SC_CLOCKDATA_driverOut\000"
 754      4C4F434B 
 754      44415441 
 754      5F647269 
 754      7665724F 
 755              	.LASF51:
 756 043f 6D5F7570 		.ascii	"m_updateRequired\000"
 756      64617465 
 756      52657175 
 756      69726564 
 756      00
 757              	.LASF46:
 758 0450 52435F45 		.ascii	"RC_ERROR_CANCELED\000"
 758      52524F52 
 758      5F43414E 
 758      43454C45 
 758      4400
 759              	.LASF63:
 760 0462 49544D5F 		.ascii	"ITM_RxBuffer\000"
 760      52784275 
 760      66666572 
 760      00
 761              	.LASF25:
 762 046f 52435F45 		.ascii	"RC_ERROR\000"
 762      52524F52 
 762      00
 763              	.LASF28:
 764 0478 52435F45 		.ascii	"RC_ERROR_MEMORY\000"
 764      52524F52 
 764      5F4D454D 
 764      4F525900 
ARM GAS  C:\Users\zakis\AppData\Local\Temp\ccjg1iKu.s 			page 19


 765              	.LASF58:
 766 0488 45455F6F 		.ascii	"EE_oo_IRQ_disable_count\000"
 766      6F5F4952 
 766      515F6469 
 766      7361626C 
 766      655F636F 
 767              	.LASF50:
 768 04a0 52435F74 		.ascii	"RC_t\000"
 768      00
 769              	.LASF35:
 770 04a5 52435F45 		.ascii	"RC_ERROR_TIME_OUT\000"
 770      52524F52 
 770      5F54494D 
 770      455F4F55 
 770      5400
 771              		.ident	"GCC: (GNU Tools for ARM Embedded Processors) 5.4.1 20160609 (release) [ARM/embedded-5-bran
