ARM GAS  C:\Users\zakis\AppData\Local\Temp\ccHD9zyb.s 			page 1


   1              		.syntax unified
   2              		.cpu cortex-m3
   3              		.fpu softvfp
   4              		.eabi_attribute 20, 1
   5              		.eabi_attribute 21, 1
   6              		.eabi_attribute 23, 3
   7              		.eabi_attribute 24, 1
   8              		.eabi_attribute 25, 1
   9              		.eabi_attribute 26, 1
  10              		.eabi_attribute 30, 1
  11              		.eabi_attribute 34, 1
  12              		.eabi_attribute 18, 4
  13              		.thumb
  14              		.syntax unified
  15              		.file	"swc_output.c"
  16              		.text
  17              	.Ltext0:
  18              		.cfi_sections	.debug_frame
  19              		.section	.text.OUTPUT_updateDataOnTFT_run,"ax",%progbits
  20              		.align	2
  21              		.global	OUTPUT_updateDataOnTFT_run
  22              		.thumb
  23              		.thumb_func
  24              		.type	OUTPUT_updateDataOnTFT_run, %function
  25              	OUTPUT_updateDataOnTFT_run:
  26              	.LFB143:
  27              		.file 1 "source\\asw\\swc_output.c"
   1:source\asw/swc_output.c **** /*
   2:source\asw/swc_output.c ****  * Filename: swc_output.c
   3:source\asw/swc_output.c ****  *
   4:source\asw/swc_output.c ****  * Author: Autogenerated by H-DA RTE Generator, (c) Prof. Fromm
   5:source\asw/swc_output.c ****  *
   6:source\asw/swc_output.c ****  * description: Software component
   7:source\asw/swc_output.c ****  * name: swc_output
   8:source\asw/swc_output.c ****  * shortname: output
   9:source\asw/swc_output.c ****  *
  10:source\asw/swc_output.c ****  */
  11:source\asw/swc_output.c **** 
  12:source\asw/swc_output.c **** #include "project.h"
  13:source\asw/swc_output.c **** #include "global.h"
  14:source\asw/swc_output.c **** #include "rte.h"
  15:source\asw/swc_output.c **** #include "rte_types.h"
  16:source\asw/swc_output.c **** #include "swc_output.h"
  17:source\asw/swc_output.c **** 
  18:source\asw/swc_output.c **** 
  19:source\asw/swc_output.c **** 
  20:source\asw/swc_output.c **** /* USER CODE START SWC_OUTPUT_INCLUDE */
  21:source\asw/swc_output.c **** 
  22:source\asw/swc_output.c **** /* USER CODE END SWC_OUTPUT_INCLUDE */
  23:source\asw/swc_output.c **** 
  24:source\asw/swc_output.c **** 
  25:source\asw/swc_output.c **** #include "sp_common.h"
  26:source\asw/swc_output.c **** 
  27:source\asw/swc_output.c **** /* USER CODE START SWC_OUTPUT_USERDEFINITIONS */
  28:source\asw/swc_output.c **** 
  29:source\asw/swc_output.c **** /* USER CODE END SWC_OUTPUT_USERDEFINITIONS */
  30:source\asw/swc_output.c **** 
ARM GAS  C:\Users\zakis\AppData\Local\Temp\ccHD9zyb.s 			page 2


  31:source\asw/swc_output.c **** 
  32:source\asw/swc_output.c **** 
  33:source\asw/swc_output.c **** /*
  34:source\asw/swc_output.c ****  * component: swc_output
  35:source\asw/swc_output.c ****  * cycletime: 250
  36:source\asw/swc_output.c ****  * description: Runnable
  37:source\asw/swc_output.c ****  * events: 
  38:source\asw/swc_output.c ****  * name: OUTPUT_updateDataOnTFT_run
  39:source\asw/swc_output.c ****  * shortname: updateDataOnTFT
  40:source\asw/swc_output.c ****  * signalIN: so_clockData
  41:source\asw/swc_output.c ****  * signalOUT: 
  42:source\asw/swc_output.c ****  * task: tsk_display
  43:source\asw/swc_output.c ****  */
  44:source\asw/swc_output.c **** void OUTPUT_updateDataOnTFT_run(RTE_event ev){
  28              		.loc 1 44 0
  29              		.cfi_startproc
  30              		@ args = 0, pretend = 0, frame = 0
  31              		@ frame_needed = 0, uses_anonymous_args = 0
  32              		@ link register save eliminated.
  33              	.LVL0:
  34 0000 7047     		bx	lr
  35              		.cfi_endproc
  36              	.LFE143:
  37              		.size	OUTPUT_updateDataOnTFT_run, .-OUTPUT_updateDataOnTFT_run
  38 0002 00BF     		.section	.text.OUTPUT_blink1s_run,"ax",%progbits
  39              		.align	2
  40              		.global	OUTPUT_blink1s_run
  41              		.thumb
  42              		.thumb_func
  43              		.type	OUTPUT_blink1s_run, %function
  44              	OUTPUT_blink1s_run:
  45              	.LFB144:
  45:source\asw/swc_output.c **** 	
  46:source\asw/swc_output.c **** 	/* USER CODE START OUTPUT_updateDataOnTFT_run */
  47:source\asw/swc_output.c **** 
  48:source\asw/swc_output.c ****     /* USER CODE END OUTPUT_updateDataOnTFT_run */
  49:source\asw/swc_output.c **** }
  50:source\asw/swc_output.c **** 
  51:source\asw/swc_output.c **** /*
  52:source\asw/swc_output.c ****  * component: swc_output
  53:source\asw/swc_output.c ****  * cycletime: 1000
  54:source\asw/swc_output.c ****  * description: Runnable
  55:source\asw/swc_output.c ****  * events: 
  56:source\asw/swc_output.c ****  * name: OUTPUT_blink1s_run
  57:source\asw/swc_output.c ****  * shortname: blink1s
  58:source\asw/swc_output.c ****  * signalIN: so_clockData
  59:source\asw/swc_output.c ****  * signalOUT: 
  60:source\asw/swc_output.c ****  * task: tsk_display
  61:source\asw/swc_output.c ****  */
  62:source\asw/swc_output.c **** void OUTPUT_blink1s_run(RTE_event ev){
  46              		.loc 1 62 0
  47              		.cfi_startproc
  48              		@ args = 0, pretend = 0, frame = 0
  49              		@ frame_needed = 0, uses_anonymous_args = 0
  50              		@ link register save eliminated.
  51              	.LVL1:
  52 0000 7047     		bx	lr
ARM GAS  C:\Users\zakis\AppData\Local\Temp\ccHD9zyb.s 			page 3


  53              		.cfi_endproc
  54              	.LFE144:
  55              		.size	OUTPUT_blink1s_run, .-OUTPUT_blink1s_run
  56 0002 00BF     		.text
  57              	.Letext0:
  58              		.file 2 "c:\\program files (x86)\\cypress\\psoc creator\\4.4\\psoc creator\\import\\gnu\\arm\\5.4.
  59              		.file 3 "c:\\program files (x86)\\cypress\\psoc creator\\4.4\\psoc creator\\import\\gnu\\arm\\5.4.
  60              		.file 4 "Generated_Source\\PSoC5/ErikaOS_1_common_ee_types.inc"
  61              		.file 5 "Generated_Source\\PSoC5/ErikaOS_1_cortex_mx_ee_cpu.inc"
  62              		.file 6 "Generated_Source\\PSoC5/ErikaOS_1_ee_oo_common.inc"
  63              		.file 7 ".\\source/rte_types.h"
  64              		.file 8 "Generated_Source\\PSoC5/ErikaOS_1_ee_oo_intfunc.inc"
  65              		.file 9 "Generated_Source\\PSoC5/ErikaOS_1_cortex_mx_ee_context.inc"
  66              		.file 10 "Generated_Source\\PSoC5/ErikaOS_1_common_ee_primitives.inc"
  67              		.file 11 "Generated_Source\\PSoC5/core_cm3.h"
  68              		.section	.debug_info,"",%progbits
  69              	.Ldebug_info0:
  70 0000 7B010000 		.4byte	0x17b
  71 0004 0400     		.2byte	0x4
  72 0006 00000000 		.4byte	.Ldebug_abbrev0
  73 000a 04       		.byte	0x4
  74 000b 01       		.uleb128 0x1
  75 000c 53000000 		.4byte	.LASF31
  76 0010 0C       		.byte	0xc
  77 0011 16020000 		.4byte	.LASF32
  78 0015 6C010000 		.4byte	.LASF33
  79 0019 00000000 		.4byte	.Ldebug_ranges0+0
  80 001d 00000000 		.4byte	0
  81 0021 00000000 		.4byte	.Ldebug_line0
  82 0025 02       		.uleb128 0x2
  83 0026 01       		.byte	0x1
  84 0027 06       		.byte	0x6
  85 0028 8E020000 		.4byte	.LASF0
  86 002c 02       		.uleb128 0x2
  87 002d 01       		.byte	0x1
  88 002e 08       		.byte	0x8
  89 002f 45000000 		.4byte	.LASF1
  90 0033 02       		.uleb128 0x2
  91 0034 02       		.byte	0x2
  92 0035 05       		.byte	0x5
  93 0036 6F020000 		.4byte	.LASF2
  94 003a 02       		.uleb128 0x2
  95 003b 02       		.byte	0x2
  96 003c 07       		.byte	0x7
  97 003d FC000000 		.4byte	.LASF3
  98 0041 03       		.uleb128 0x3
  99 0042 00000000 		.4byte	.LASF9
 100 0046 02       		.byte	0x2
 101 0047 3F       		.byte	0x3f
 102 0048 4C000000 		.4byte	0x4c
 103 004c 02       		.uleb128 0x2
 104 004d 04       		.byte	0x4
 105 004e 05       		.byte	0x5
 106 004f 79020000 		.4byte	.LASF4
 107 0053 02       		.uleb128 0x2
 108 0054 04       		.byte	0x4
 109 0055 07       		.byte	0x7
ARM GAS  C:\Users\zakis\AppData\Local\Temp\ccHD9zyb.s 			page 4


 110 0056 EA000000 		.4byte	.LASF5
 111 005a 02       		.uleb128 0x2
 112 005b 08       		.byte	0x8
 113 005c 05       		.byte	0x5
 114 005d 3F020000 		.4byte	.LASF6
 115 0061 02       		.uleb128 0x2
 116 0062 08       		.byte	0x8
 117 0063 07       		.byte	0x7
 118 0064 EC010000 		.4byte	.LASF7
 119 0068 04       		.uleb128 0x4
 120 0069 04       		.byte	0x4
 121 006a 05       		.byte	0x5
 122 006b 696E7400 		.ascii	"int\000"
 123 006f 02       		.uleb128 0x2
 124 0070 04       		.byte	0x4
 125 0071 07       		.byte	0x7
 126 0072 CD010000 		.4byte	.LASF8
 127 0076 03       		.uleb128 0x3
 128 0077 2E020000 		.4byte	.LASF10
 129 007b 03       		.byte	0x3
 130 007c 2C       		.byte	0x2c
 131 007d 41000000 		.4byte	0x41
 132 0081 02       		.uleb128 0x2
 133 0082 04       		.byte	0x4
 134 0083 04       		.byte	0x4
 135 0084 3F000000 		.4byte	.LASF11
 136 0088 02       		.uleb128 0x2
 137 0089 08       		.byte	0x8
 138 008a 04       		.byte	0x4
 139 008b 18000000 		.4byte	.LASF12
 140 008f 02       		.uleb128 0x2
 141 0090 01       		.byte	0x1
 142 0091 08       		.byte	0x8
 143 0092 4D020000 		.4byte	.LASF13
 144 0096 02       		.uleb128 0x2
 145 0097 08       		.byte	0x8
 146 0098 04       		.byte	0x4
 147 0099 82020000 		.4byte	.LASF14
 148 009d 03       		.uleb128 0x3
 149 009e E1000000 		.4byte	.LASF15
 150 00a2 04       		.byte	0x4
 151 00a3 53       		.byte	0x53
 152 00a4 68000000 		.4byte	0x68
 153 00a8 03       		.uleb128 0x3
 154 00a9 E2010000 		.4byte	.LASF16
 155 00ad 04       		.byte	0x4
 156 00ae 54       		.byte	0x54
 157 00af 6F000000 		.4byte	0x6f
 158 00b3 03       		.uleb128 0x3
 159 00b4 52020000 		.4byte	.LASF17
 160 00b8 05       		.byte	0x5
 161 00b9 4D       		.byte	0x4d
 162 00ba A8000000 		.4byte	0xa8
 163 00be 03       		.uleb128 0x3
 164 00bf DA010000 		.4byte	.LASF18
 165 00c3 05       		.byte	0x5
 166 00c4 4F       		.byte	0x4f
ARM GAS  C:\Users\zakis\AppData\Local\Temp\ccHD9zyb.s 			page 5


 167 00c5 A8000000 		.4byte	0xa8
 168 00c9 03       		.uleb128 0x3
 169 00ca 38000000 		.4byte	.LASF19
 170 00ce 05       		.byte	0x5
 171 00cf 78       		.byte	0x78
 172 00d0 9D000000 		.4byte	0x9d
 173 00d4 05       		.uleb128 0x5
 174 00d5 0A000000 		.4byte	.LASF20
 175 00d9 06       		.byte	0x6
 176 00da 2C02     		.2byte	0x22c
 177 00dc B3000000 		.4byte	0xb3
 178 00e0 02       		.uleb128 0x2
 179 00e1 04       		.byte	0x4
 180 00e2 07       		.byte	0x7
 181 00e3 36020000 		.4byte	.LASF21
 182 00e7 03       		.uleb128 0x3
 183 00e8 55010000 		.4byte	.LASF22
 184 00ec 07       		.byte	0x7
 185 00ed 21       		.byte	0x21
 186 00ee D4000000 		.4byte	0xd4
 187 00f2 06       		.uleb128 0x6
 188 00f3 27010000 		.4byte	.LASF23
 189 00f7 01       		.byte	0x1
 190 00f8 2C       		.byte	0x2c
 191 00f9 00000000 		.4byte	.LFB143
 192 00fd 02000000 		.4byte	.LFE143-.LFB143
 193 0101 01       		.uleb128 0x1
 194 0102 9C       		.byte	0x9c
 195 0103 14010000 		.4byte	0x114
 196 0107 07       		.uleb128 0x7
 197 0108 657600   		.ascii	"ev\000"
 198 010b 01       		.byte	0x1
 199 010c 2C       		.byte	0x2c
 200 010d E7000000 		.4byte	0xe7
 201 0111 01       		.uleb128 0x1
 202 0112 50       		.byte	0x50
 203 0113 00       		.byte	0
 204 0114 06       		.uleb128 0x6
 205 0115 42010000 		.4byte	.LASF24
 206 0119 01       		.byte	0x1
 207 011a 3E       		.byte	0x3e
 208 011b 00000000 		.4byte	.LFB144
 209 011f 02000000 		.4byte	.LFE144-.LFB144
 210 0123 01       		.uleb128 0x1
 211 0124 9C       		.byte	0x9c
 212 0125 36010000 		.4byte	0x136
 213 0129 07       		.uleb128 0x7
 214 012a 657600   		.ascii	"ev\000"
 215 012d 01       		.byte	0x1
 216 012e 3E       		.byte	0x3e
 217 012f E7000000 		.4byte	0xe7
 218 0133 01       		.uleb128 0x1
 219 0134 50       		.byte	0x50
 220 0135 00       		.byte	0
 221 0136 08       		.uleb128 0x8
 222 0137 0F010000 		.4byte	.LASF25
 223 013b 08       		.byte	0x8
ARM GAS  C:\Users\zakis\AppData\Local\Temp\ccHD9zyb.s 			page 6


 224 013c 40       		.byte	0x40
 225 013d B3000000 		.4byte	0xb3
 226 0141 08       		.uleb128 0x8
 227 0142 1F000000 		.4byte	.LASF26
 228 0146 08       		.byte	0x8
 229 0147 47       		.byte	0x47
 230 0148 BE000000 		.4byte	0xbe
 231 014c 08       		.uleb128 0x8
 232 014d 03020000 		.4byte	.LASF27
 233 0151 08       		.byte	0x8
 234 0152 4A       		.byte	0x4a
 235 0153 B3000000 		.4byte	0xb3
 236 0157 08       		.uleb128 0x8
 237 0158 B4010000 		.4byte	.LASF28
 238 015c 09       		.byte	0x9
 239 015d 48       		.byte	0x48
 240 015e C9000000 		.4byte	0xc9
 241 0162 08       		.uleb128 0x8
 242 0163 5A020000 		.4byte	.LASF29
 243 0167 0A       		.byte	0xa
 244 0168 44       		.byte	0x44
 245 0169 B3000000 		.4byte	0xb3
 246 016d 09       		.uleb128 0x9
 247 016e 5F010000 		.4byte	.LASF30
 248 0172 0B       		.byte	0xb
 249 0173 1207     		.2byte	0x712
 250 0175 79010000 		.4byte	0x179
 251 0179 0A       		.uleb128 0xa
 252 017a 76000000 		.4byte	0x76
 253 017e 00       		.byte	0
 254              		.section	.debug_abbrev,"",%progbits
 255              	.Ldebug_abbrev0:
 256 0000 01       		.uleb128 0x1
 257 0001 11       		.uleb128 0x11
 258 0002 01       		.byte	0x1
 259 0003 25       		.uleb128 0x25
 260 0004 0E       		.uleb128 0xe
 261 0005 13       		.uleb128 0x13
 262 0006 0B       		.uleb128 0xb
 263 0007 03       		.uleb128 0x3
 264 0008 0E       		.uleb128 0xe
 265 0009 1B       		.uleb128 0x1b
 266 000a 0E       		.uleb128 0xe
 267 000b 55       		.uleb128 0x55
 268 000c 17       		.uleb128 0x17
 269 000d 11       		.uleb128 0x11
 270 000e 01       		.uleb128 0x1
 271 000f 10       		.uleb128 0x10
 272 0010 17       		.uleb128 0x17
 273 0011 00       		.byte	0
 274 0012 00       		.byte	0
 275 0013 02       		.uleb128 0x2
 276 0014 24       		.uleb128 0x24
 277 0015 00       		.byte	0
 278 0016 0B       		.uleb128 0xb
 279 0017 0B       		.uleb128 0xb
 280 0018 3E       		.uleb128 0x3e
ARM GAS  C:\Users\zakis\AppData\Local\Temp\ccHD9zyb.s 			page 7


 281 0019 0B       		.uleb128 0xb
 282 001a 03       		.uleb128 0x3
 283 001b 0E       		.uleb128 0xe
 284 001c 00       		.byte	0
 285 001d 00       		.byte	0
 286 001e 03       		.uleb128 0x3
 287 001f 16       		.uleb128 0x16
 288 0020 00       		.byte	0
 289 0021 03       		.uleb128 0x3
 290 0022 0E       		.uleb128 0xe
 291 0023 3A       		.uleb128 0x3a
 292 0024 0B       		.uleb128 0xb
 293 0025 3B       		.uleb128 0x3b
 294 0026 0B       		.uleb128 0xb
 295 0027 49       		.uleb128 0x49
 296 0028 13       		.uleb128 0x13
 297 0029 00       		.byte	0
 298 002a 00       		.byte	0
 299 002b 04       		.uleb128 0x4
 300 002c 24       		.uleb128 0x24
 301 002d 00       		.byte	0
 302 002e 0B       		.uleb128 0xb
 303 002f 0B       		.uleb128 0xb
 304 0030 3E       		.uleb128 0x3e
 305 0031 0B       		.uleb128 0xb
 306 0032 03       		.uleb128 0x3
 307 0033 08       		.uleb128 0x8
 308 0034 00       		.byte	0
 309 0035 00       		.byte	0
 310 0036 05       		.uleb128 0x5
 311 0037 16       		.uleb128 0x16
 312 0038 00       		.byte	0
 313 0039 03       		.uleb128 0x3
 314 003a 0E       		.uleb128 0xe
 315 003b 3A       		.uleb128 0x3a
 316 003c 0B       		.uleb128 0xb
 317 003d 3B       		.uleb128 0x3b
 318 003e 05       		.uleb128 0x5
 319 003f 49       		.uleb128 0x49
 320 0040 13       		.uleb128 0x13
 321 0041 00       		.byte	0
 322 0042 00       		.byte	0
 323 0043 06       		.uleb128 0x6
 324 0044 2E       		.uleb128 0x2e
 325 0045 01       		.byte	0x1
 326 0046 3F       		.uleb128 0x3f
 327 0047 19       		.uleb128 0x19
 328 0048 03       		.uleb128 0x3
 329 0049 0E       		.uleb128 0xe
 330 004a 3A       		.uleb128 0x3a
 331 004b 0B       		.uleb128 0xb
 332 004c 3B       		.uleb128 0x3b
 333 004d 0B       		.uleb128 0xb
 334 004e 27       		.uleb128 0x27
 335 004f 19       		.uleb128 0x19
 336 0050 11       		.uleb128 0x11
 337 0051 01       		.uleb128 0x1
ARM GAS  C:\Users\zakis\AppData\Local\Temp\ccHD9zyb.s 			page 8


 338 0052 12       		.uleb128 0x12
 339 0053 06       		.uleb128 0x6
 340 0054 40       		.uleb128 0x40
 341 0055 18       		.uleb128 0x18
 342 0056 9742     		.uleb128 0x2117
 343 0058 19       		.uleb128 0x19
 344 0059 01       		.uleb128 0x1
 345 005a 13       		.uleb128 0x13
 346 005b 00       		.byte	0
 347 005c 00       		.byte	0
 348 005d 07       		.uleb128 0x7
 349 005e 05       		.uleb128 0x5
 350 005f 00       		.byte	0
 351 0060 03       		.uleb128 0x3
 352 0061 08       		.uleb128 0x8
 353 0062 3A       		.uleb128 0x3a
 354 0063 0B       		.uleb128 0xb
 355 0064 3B       		.uleb128 0x3b
 356 0065 0B       		.uleb128 0xb
 357 0066 49       		.uleb128 0x49
 358 0067 13       		.uleb128 0x13
 359 0068 02       		.uleb128 0x2
 360 0069 18       		.uleb128 0x18
 361 006a 00       		.byte	0
 362 006b 00       		.byte	0
 363 006c 08       		.uleb128 0x8
 364 006d 34       		.uleb128 0x34
 365 006e 00       		.byte	0
 366 006f 03       		.uleb128 0x3
 367 0070 0E       		.uleb128 0xe
 368 0071 3A       		.uleb128 0x3a
 369 0072 0B       		.uleb128 0xb
 370 0073 3B       		.uleb128 0x3b
 371 0074 0B       		.uleb128 0xb
 372 0075 49       		.uleb128 0x49
 373 0076 13       		.uleb128 0x13
 374 0077 3F       		.uleb128 0x3f
 375 0078 19       		.uleb128 0x19
 376 0079 3C       		.uleb128 0x3c
 377 007a 19       		.uleb128 0x19
 378 007b 00       		.byte	0
 379 007c 00       		.byte	0
 380 007d 09       		.uleb128 0x9
 381 007e 34       		.uleb128 0x34
 382 007f 00       		.byte	0
 383 0080 03       		.uleb128 0x3
 384 0081 0E       		.uleb128 0xe
 385 0082 3A       		.uleb128 0x3a
 386 0083 0B       		.uleb128 0xb
 387 0084 3B       		.uleb128 0x3b
 388 0085 05       		.uleb128 0x5
 389 0086 49       		.uleb128 0x49
 390 0087 13       		.uleb128 0x13
 391 0088 3F       		.uleb128 0x3f
 392 0089 19       		.uleb128 0x19
 393 008a 3C       		.uleb128 0x3c
 394 008b 19       		.uleb128 0x19
ARM GAS  C:\Users\zakis\AppData\Local\Temp\ccHD9zyb.s 			page 9


 395 008c 00       		.byte	0
 396 008d 00       		.byte	0
 397 008e 0A       		.uleb128 0xa
 398 008f 35       		.uleb128 0x35
 399 0090 00       		.byte	0
 400 0091 49       		.uleb128 0x49
 401 0092 13       		.uleb128 0x13
 402 0093 00       		.byte	0
 403 0094 00       		.byte	0
 404 0095 00       		.byte	0
 405              		.section	.debug_aranges,"",%progbits
 406 0000 24000000 		.4byte	0x24
 407 0004 0200     		.2byte	0x2
 408 0006 00000000 		.4byte	.Ldebug_info0
 409 000a 04       		.byte	0x4
 410 000b 00       		.byte	0
 411 000c 0000     		.2byte	0
 412 000e 0000     		.2byte	0
 413 0010 00000000 		.4byte	.LFB143
 414 0014 02000000 		.4byte	.LFE143-.LFB143
 415 0018 00000000 		.4byte	.LFB144
 416 001c 02000000 		.4byte	.LFE144-.LFB144
 417 0020 00000000 		.4byte	0
 418 0024 00000000 		.4byte	0
 419              		.section	.debug_ranges,"",%progbits
 420              	.Ldebug_ranges0:
 421 0000 00000000 		.4byte	.LFB143
 422 0004 02000000 		.4byte	.LFE143
 423 0008 00000000 		.4byte	.LFB144
 424 000c 02000000 		.4byte	.LFE144
 425 0010 00000000 		.4byte	0
 426 0014 00000000 		.4byte	0
 427              		.section	.debug_line,"",%progbits
 428              	.Ldebug_line0:
 429 0000 58020000 		.section	.debug_str,"MS",%progbits,1
 429      02003402 
 429      00000201 
 429      FB0E0D00 
 429      01010101 
 430              	.LASF9:
 431 0000 5F5F696E 		.ascii	"__int32_t\000"
 431      7433325F 
 431      7400
 432              	.LASF20:
 433 000a 4576656E 		.ascii	"EventMaskType\000"
 433      744D6173 
 433      6B547970 
 433      6500
 434              	.LASF12:
 435 0018 646F7562 		.ascii	"double\000"
 435      6C6500
 436              	.LASF26:
 437 001f 45455F6F 		.ascii	"EE_oo_IRQ_suspend_status\000"
 437      6F5F4952 
 437      515F7375 
 437      7370656E 
 437      645F7374 
ARM GAS  C:\Users\zakis\AppData\Local\Temp\ccHD9zyb.s 			page 10


 438              	.LASF19:
 439 0038 45455F54 		.ascii	"EE_TID\000"
 439      494400
 440              	.LASF11:
 441 003f 666C6F61 		.ascii	"float\000"
 441      7400
 442              	.LASF1:
 443 0045 756E7369 		.ascii	"unsigned char\000"
 443      676E6564 
 443      20636861 
 443      7200
 444              	.LASF31:
 445 0053 474E5520 		.ascii	"GNU C11 5.4.1 20160609 (release) [ARM/embedded-5-br"
 445      43313120 
 445      352E342E 
 445      31203230 
 445      31363036 
 446 0086 616E6368 		.ascii	"anch revision 237715] -mcpu=cortex-m3 -mthumb -g -O"
 446      20726576 
 446      6973696F 
 446      6E203233 
 446      37373135 
 447 00b9 67202D66 		.ascii	"g -ffunction-sections -ffat-lto-objects\000"
 447      66756E63 
 447      74696F6E 
 447      2D736563 
 447      74696F6E 
 448              	.LASF15:
 449 00e1 45455F49 		.ascii	"EE_INT32\000"
 449      4E543332 
 449      00
 450              	.LASF5:
 451 00ea 6C6F6E67 		.ascii	"long unsigned int\000"
 451      20756E73 
 451      69676E65 
 451      6420696E 
 451      7400
 452              	.LASF3:
 453 00fc 73686F72 		.ascii	"short unsigned int\000"
 453      7420756E 
 453      7369676E 
 453      65642069 
 453      6E7400
 454              	.LASF25:
 455 010f 45455F6F 		.ascii	"EE_oo_IRQ_disable_count\000"
 455      6F5F4952 
 455      515F6469 
 455      7361626C 
 455      655F636F 
 456              	.LASF23:
 457 0127 4F555450 		.ascii	"OUTPUT_updateDataOnTFT_run\000"
 457      55545F75 
 457      70646174 
 457      65446174 
 457      614F6E54 
 458              	.LASF24:
 459 0142 4F555450 		.ascii	"OUTPUT_blink1s_run\000"
ARM GAS  C:\Users\zakis\AppData\Local\Temp\ccHD9zyb.s 			page 11


 459      55545F62 
 459      6C696E6B 
 459      31735F72 
 459      756E00
 460              	.LASF22:
 461 0155 5254455F 		.ascii	"RTE_event\000"
 461      6576656E 
 461      7400
 462              	.LASF30:
 463 015f 49544D5F 		.ascii	"ITM_RxBuffer\000"
 463      52784275 
 463      66666572 
 463      00
 464              	.LASF33:
 465 016c 433A5C55 		.ascii	"C:\\Users\\zakis\\Documents\\EAA\\ElectronicClock\\"
 465      73657273 
 465      5C7A616B 
 465      69735C44 
 465      6F63756D 
 466 0199 4C616232 		.ascii	"Lab2\\ElectronicClock.cydsn\000"
 466      5C456C65 
 466      6374726F 
 466      6E696343 
 466      6C6F636B 
 467              	.LASF28:
 468 01b4 45455F73 		.ascii	"EE_std_endcycle_next_tid\000"
 468      74645F65 
 468      6E646379 
 468      636C655F 
 468      6E657874 
 469              	.LASF8:
 470 01cd 756E7369 		.ascii	"unsigned int\000"
 470      676E6564 
 470      20696E74 
 470      00
 471              	.LASF18:
 472 01da 45455F46 		.ascii	"EE_FREG\000"
 472      52454700 
 473              	.LASF16:
 474 01e2 45455F55 		.ascii	"EE_UINT32\000"
 474      494E5433 
 474      3200
 475              	.LASF7:
 476 01ec 6C6F6E67 		.ascii	"long long unsigned int\000"
 476      206C6F6E 
 476      6720756E 
 476      7369676E 
 476      65642069 
 477              	.LASF27:
 478 0203 45455F41 		.ascii	"EE_ApplicationMode\000"
 478      70706C69 
 478      63617469 
 478      6F6E4D6F 
 478      646500
 479              	.LASF32:
 480 0216 736F7572 		.ascii	"source\\asw\\swc_output.c\000"
 480      63655C61 
ARM GAS  C:\Users\zakis\AppData\Local\Temp\ccHD9zyb.s 			page 12


 480      73775C73 
 480      77635F6F 
 480      75747075 
 481              	.LASF10:
 482 022e 696E7433 		.ascii	"int32_t\000"
 482      325F7400 
 483              	.LASF21:
 484 0236 73697A65 		.ascii	"sizetype\000"
 484      74797065 
 484      00
 485              	.LASF6:
 486 023f 6C6F6E67 		.ascii	"long long int\000"
 486      206C6F6E 
 486      6720696E 
 486      7400
 487              	.LASF13:
 488 024d 63686172 		.ascii	"char\000"
 488      00
 489              	.LASF17:
 490 0252 45455F55 		.ascii	"EE_UREG\000"
 490      52454700 
 491              	.LASF29:
 492 025a 45455F49 		.ascii	"EE_IRQ_nesting_level\000"
 492      52515F6E 
 492      65737469 
 492      6E675F6C 
 492      6576656C 
 493              	.LASF2:
 494 026f 73686F72 		.ascii	"short int\000"
 494      7420696E 
 494      7400
 495              	.LASF4:
 496 0279 6C6F6E67 		.ascii	"long int\000"
 496      20696E74 
 496      00
 497              	.LASF14:
 498 0282 6C6F6E67 		.ascii	"long double\000"
 498      20646F75 
 498      626C6500 
 499              	.LASF0:
 500 028e 7369676E 		.ascii	"signed char\000"
 500      65642063 
 500      68617200 
 501              		.ident	"GCC: (GNU Tools for ARM Embedded Processors) 5.4.1 20160609 (release) [ARM/embedded-5-bran
